Using pre-set license
Built from '2021.1/release' branch; Version is '2021.1.16f1 (5fa502fca597) revision 6268162'; Using compiler version '192528614'; Build Type 'Release'
OS: 'Windows 10 Home Single Language; OS build 19044.1586; Version 2009; 64bit' Language: 'en' Physical Memory: 8036 MB
BatchMode: 1, IsHumanControllingUs: 0, StartBugReporterOnCrash: 0, Is64bit: 1, IsPro: 0

 COMMAND LINE ARGUMENTS:
D:\Programs\Unity\Unity\Unity 2021.1.16f1\Editor\Unity.exe
-adb2
-batchMode
-noUpm
-name
AssetImportWorker0
-projectPath
D:/Programs/Unity/Unity Project/Bai tap 1
-logFile
Logs/AssetImportWorker0.log
-srvPort
65089
Successfully changed project path to: D:/Programs/Unity/Unity Project/Bai tap 1
D:/Programs/Unity/Unity Project/Bai tap 1
Using Asset Import Pipeline V2.
Refreshing native plugins compatible for Editor in 84.21 ms, found 3 plugins.
Preloading 0 native plugins for Editor in 0.00 ms.
Initialize engine version: 2021.1.16f1 (5fa502fca597)
[Subsystems] Discovering subsystems at path D:/Programs/Unity/Unity/Unity 2021.1.16f1/Editor/Data/Resources/UnitySubsystems
[Subsystems] Discovering subsystems at path D:/Programs/Unity/Unity Project/Bai tap 1/Assets
GfxDevice: creating device client; threaded=0; jobified=0
Direct3D:
    Version:  Direct3D 11.0 [level 11.1]
    Renderer: NVIDIA GeForce GTX 1650 with Max-Q Design (ID=0x1f99)
    Vendor:   NVIDIA
    VRAM:     3962 MB
    Driver:   30.0.15.1179
Initialize mono
Mono path[0] = 'D:/Programs/Unity/Unity/Unity 2021.1.16f1/Editor/Data/Managed'
Mono path[1] = 'D:/Programs/Unity/Unity/Unity 2021.1.16f1/Editor/Data/MonoBleedingEdge/lib/mono/unityjit'
Mono config path = 'D:/Programs/Unity/Unity/Unity 2021.1.16f1/Editor/Data/MonoBleedingEdge/etc'
Using monoOptions --debugger-agent=transport=dt_socket,embedding=1,server=y,suspend=n,address=127.0.0.1:56252
Begin MonoManager ReloadAssembly
Registering precompiled unity dll's ...
Register platform support module: D:/Programs/Unity/Unity/Unity 2021.1.16f1/Editor/Data/PlaybackEngines/WindowsStandaloneSupport/UnityEditor.WindowsStandalone.Extensions.dll
Registered in 0.000846 seconds.
Native extension for WindowsStandalone target not found
Refreshing native plugins compatible for Editor in 86.43 ms, found 3 plugins.
Preloading 0 native plugins for Editor in 0.00 ms.
Mono: successfully reloaded assembly
- Completed reload, in  1.011 seconds
Domain Reload Profiling:
	ReloadAssembly (1012ms)
		BeginReloadAssembly (58ms)
			ExecutionOrderSort (0ms)
			DisableScriptedObjects (0ms)
			BackupInstance (0ms)
			ReleaseScriptingObjects (0ms)
			CreateAndSetChildDomain (1ms)
		EndReloadAssembly (497ms)
			LoadAssemblies (58ms)
			RebuildTransferFunctionScriptingTraits (0ms)
			SetupTypeCache (172ms)
			ReleaseScriptCaches (0ms)
			RebuildScriptCaches (32ms)
			SetupLoadedEditorAssemblies (249ms)
				LogAssemblyErrors (0ms)
				InitializePlatformSupportModulesInManaged (6ms)
				SetLoadedEditorAssemblies (0ms)
				RefreshPlugins (87ms)
				BeforeProcessingInitializeOnLoad (1ms)
				ProcessInitializeOnLoadAttributes (114ms)
				ProcessInitializeOnLoadMethodAttributes (41ms)
				AfterProcessingInitializeOnLoad (0ms)
				EditorAssembliesLoaded (0ms)
			ExecutionOrderSort2 (0ms)
			AwakeInstancesAfterBackupRestoration (0ms)
Platform modules already initialized, skipping
Registering precompiled user dll's ...
Registered in 0.004498 seconds.
Begin MonoManager ReloadAssembly
Symbol file LoadedFromMemory doesn't match image D:\Programs\Unity\Unity Project\Bai tap 1\Library\PackageCache\com.unity.visualscripting@1.6.1\Editor\VisualScripting.Core\Dependencies\YamlDotNet\Unity.VisualScripting.YamlDotNet.dll
Symbol file LoadedFromMemory doesn't match image D:\Programs\Unity\Unity Project\Bai tap 1\Library\PackageCache\com.unity.visualscripting@1.6.1\Editor\VisualScripting.Core\Dependencies\DotNetZip\Unity.VisualScripting.IonicZip.dll
Native extension for WindowsStandalone target not found
Refreshing native plugins compatible for Editor in 2.24 ms, found 3 plugins.
Preloading 0 native plugins for Editor in 0.00 ms.
Mono: successfully reloaded assembly
- Completed reload, in  1.295 seconds
Domain Reload Profiling:
	ReloadAssembly (1295ms)
		BeginReloadAssembly (160ms)
			ExecutionOrderSort (0ms)
			DisableScriptedObjects (4ms)
			BackupInstance (0ms)
			ReleaseScriptingObjects (0ms)
			CreateAndSetChildDomain (24ms)
		EndReloadAssembly (1083ms)
			LoadAssemblies (100ms)
			RebuildTransferFunctionScriptingTraits (0ms)
			SetupTypeCache (425ms)
			ReleaseScriptCaches (1ms)
			RebuildScriptCaches (57ms)
			SetupLoadedEditorAssemblies (412ms)
				LogAssemblyErrors (0ms)
				InitializePlatformSupportModulesInManaged (5ms)
				SetLoadedEditorAssemblies (1ms)
				RefreshPlugins (2ms)
				BeforeProcessingInitializeOnLoad (68ms)
				ProcessInitializeOnLoadAttributes (326ms)
				ProcessInitializeOnLoadMethodAttributes (8ms)
				AfterProcessingInitializeOnLoad (2ms)
				EditorAssembliesLoaded (0ms)
			ExecutionOrderSort2 (0ms)
			AwakeInstancesAfterBackupRestoration (7ms)
Platform modules already initialized, skipping
========================================================================
Worker process is ready to serve import requests
Launched and connected shader compiler UnityShaderCompiler.exe after 0.06 seconds
Refreshing native plugins compatible for Editor in 1.35 ms, found 3 plugins.
Preloading 0 native plugins for Editor in 0.00 ms.
Unloading 3132 Unused Serialized files (Serialized files now loaded: 0)
System memory in use before: 130.3 MB.
System memory in use after: 130.4 MB.

Unloading 24 unused Assets to reduce memory usage. Loaded Objects now: 3602.
Total: 4.775500 ms (FindLiveObjects: 0.277300 ms CreateObjectMapping: 0.155600 ms MarkObjects: 4.160400 ms  DeleteObjects: 0.181000 ms)

AssetImportParameters requested are different than current active one (requested -> active):
  custom:framework-win-MediaFoundation: 216162199b28c13a410421893ffa2e32 -> 
  custom:video-decoder-ogg-theora: a1e56fd34408186e4bbccfd4996cb3dc -> 
  custom:container-muxer-webm: aa71ff27fc2769a1b78a27578f13a17b -> 
  custom:container-demuxer-webm: 4f35f7cbe854078d1ac9338744f61a02 -> 
  custom:container-demuxer-ogg: 62fdf1f143b41e24485cea50d1cbac27 -> 
  custom:video-encoder-webm-vp8: eb34c28f22e8b96e1ab97ce403110664 -> 
  custom:video-decoder-webm-vp8: 9c59270c3fd7afecdb556c50c9e8de78 -> 
  custom:audio-decoder-ogg-vorbis: bf7c407c2cedff20999df2af8eb42d56 -> 
  custom:audio-encoder-webm-vorbis: bf7c407c2cedff20999df2af8eb42d56 -> 
========================================================================
Received Import Request.
  path: Assets/Scripts/CarController.cs
  artifactKey: Guid(159babe7087afc649bd46b9decfbc055) Importer(815301076,1909f56bfc062723c751e8b465ee728b)
Start importing Assets/Scripts/CarController.cs using Guid(159babe7087afc649bd46b9decfbc055) Importer(815301076,1909f56bfc062723c751e8b465ee728b)  -> (artifact id: '1778ada86cc1ac300060f3b1a3493d95') in 0.037607 seconds 
========================================================================
Received Import Request.
  Time since last request: 217.018346 seconds.
  path: Assets/Scripts/CarController.cs
  artifactKey: Guid(159babe7087afc649bd46b9decfbc055) Importer(815301076,1909f56bfc062723c751e8b465ee728b)
Start importing Assets/Scripts/CarController.cs using Guid(159babe7087afc649bd46b9decfbc055) Importer(815301076,1909f56bfc062723c751e8b465ee728b)  -> (artifact id: '84032433140e444ae539ee5e97c25785') in 0.002750 seconds 
========================================================================
Received Import Request.
  Time since last request: 55.464693 seconds.
  path: Assets/Scripts/CarController.cs
  artifactKey: Guid(159babe7087afc649bd46b9decfbc055) Importer(815301076,1909f56bfc062723c751e8b465ee728b)
Start importing Assets/Scripts/CarController.cs using Guid(159babe7087afc649bd46b9decfbc055) Importer(815301076,1909f56bfc062723c751e8b465ee728b)  -> (artifact id: '4314accd939ee58a450a4d98cf21e526') in 0.001817 seconds 
========================================================================
Received Import Request.
  Time since last request: 56.712334 seconds.
  path: Assets/Scripts/CarController.cs
  artifactKey: Guid(159babe7087afc649bd46b9decfbc055) Importer(815301076,1909f56bfc062723c751e8b465ee728b)
Start importing Assets/Scripts/CarController.cs using Guid(159babe7087afc649bd46b9decfbc055) Importer(815301076,1909f56bfc062723c751e8b465ee728b)  -> (artifact id: '971c50f7781997bdf36fcd786a1b1003') in 0.001997 seconds 
========================================================================
Received Import Request.
  Time since last request: 42.391837 seconds.
  path: Assets/Scripts/CarController.cs
  artifactKey: Guid(159babe7087afc649bd46b9decfbc055) Importer(815301076,1909f56bfc062723c751e8b465ee728b)
Start importing Assets/Scripts/CarController.cs using Guid(159babe7087afc649bd46b9decfbc055) Importer(815301076,1909f56bfc062723c751e8b465ee728b)  -> (artifact id: '27d543e4063bfb28a3c5dc6ef2ab879f') in 0.001961 seconds 
========================================================================
Received Import Request.
  Time since last request: 58.171277 seconds.
  path: Assets/Scripts/CarController.cs
  artifactKey: Guid(159babe7087afc649bd46b9decfbc055) Importer(815301076,1909f56bfc062723c751e8b465ee728b)
Start importing Assets/Scripts/CarController.cs using Guid(159babe7087afc649bd46b9decfbc055) Importer(815301076,1909f56bfc062723c751e8b465ee728b)  -> (artifact id: '09fa7bf8aba98d5d5001a4154eb5eed4') in 0.001849 seconds 
========================================================================
Received Import Request.
  Time since last request: 4.252897 seconds.
  path: Assets/Scripts/CarController.cs
  artifactKey: Guid(159babe7087afc649bd46b9decfbc055) Importer(815301076,1909f56bfc062723c751e8b465ee728b)
Start importing Assets/Scripts/CarController.cs using Guid(159babe7087afc649bd46b9decfbc055) Importer(815301076,1909f56bfc062723c751e8b465ee728b)  -> (artifact id: '6c48ffa0e7b4d9135421117e6b4cbe32') in 0.001921 seconds 
========================================================================
Received Import Request.
  Time since last request: 29.312192 seconds.
  path: Assets/Scripts/CarController.cs
  artifactKey: Guid(159babe7087afc649bd46b9decfbc055) Importer(815301076,1909f56bfc062723c751e8b465ee728b)
Start importing Assets/Scripts/CarController.cs using Guid(159babe7087afc649bd46b9decfbc055) Importer(815301076,1909f56bfc062723c751e8b465ee728b)  -> (artifact id: '9c310457f47f7651d388ee5637570054') in 0.002220 seconds 
========================================================================
Received Prepare
Registering precompiled user dll's ...
Registered in 0.005844 seconds.
Begin MonoManager ReloadAssembly
Symbol file LoadedFromMemory doesn't match image D:\Programs\Unity\Unity Project\Bai tap 1\Library\PackageCache\com.unity.visualscripting@1.6.1\Editor\VisualScripting.Core\Dependencies\YamlDotNet\Unity.VisualScripting.YamlDotNet.dll
Symbol file LoadedFromMemory doesn't match image D:\Programs\Unity\Unity Project\Bai tap 1\Library\PackageCache\com.unity.visualscripting@1.6.1\Editor\VisualScripting.Core\Dependencies\DotNetZip\Unity.VisualScripting.IonicZip.dll
Native extension for WindowsStandalone target not found
Refreshing native plugins compatible for Editor in 0.76 ms, found 3 plugins.
Preloading 0 native plugins for Editor in 0.00 ms.
Mono: successfully reloaded assembly
- Completed reload, in  1.290 seconds
Domain Reload Profiling:
	ReloadAssembly (1291ms)
		BeginReloadAssembly (174ms)
			ExecutionOrderSort (0ms)
			DisableScriptedObjects (10ms)
			BackupInstance (0ms)
			ReleaseScriptingObjects (0ms)
			CreateAndSetChildDomain (59ms)
		EndReloadAssembly (1065ms)
			LoadAssemblies (111ms)
			RebuildTransferFunctionScriptingTraits (0ms)
			SetupTypeCache (368ms)
			ReleaseScriptCaches (1ms)
			RebuildScriptCaches (43ms)
			SetupLoadedEditorAssemblies (469ms)
				LogAssemblyErrors (0ms)
				InitializePlatformSupportModulesInManaged (7ms)
				SetLoadedEditorAssemblies (1ms)
				RefreshPlugins (1ms)
				BeforeProcessingInitializeOnLoad (71ms)
				ProcessInitializeOnLoadAttributes (382ms)
				ProcessInitializeOnLoadMethodAttributes (6ms)
				AfterProcessingInitializeOnLoad (2ms)
				EditorAssembliesLoaded (0ms)
			ExecutionOrderSort2 (0ms)
			AwakeInstancesAfterBackupRestoration (7ms)
Platform modules already initialized, skipping
Refreshing native plugins compatible for Editor in 0.89 ms, found 3 plugins.
Preloading 0 native plugins for Editor in 0.00 ms.
Unloading 3112 Unused Serialized files (Serialized files now loaded: 0)
System memory in use before: 128.8 MB.
System memory in use after: 129.0 MB.

Unloading 19 unused Assets to reduce memory usage. Loaded Objects now: 3605.
Total: 4.177800 ms (FindLiveObjects: 0.262100 ms CreateObjectMapping: 0.143600 ms MarkObjects: 3.685500 ms  DeleteObjects: 0.084500 ms)

AssetImportParameters requested are different than current active one (requested -> active):
  custom:framework-win-MediaFoundation: 216162199b28c13a410421893ffa2e32 -> 
  custom:video-decoder-ogg-theora: a1e56fd34408186e4bbccfd4996cb3dc -> 
  custom:container-muxer-webm: aa71ff27fc2769a1b78a27578f13a17b -> 
  custom:container-demuxer-webm: 4f35f7cbe854078d1ac9338744f61a02 -> 
  custom:container-demuxer-ogg: 62fdf1f143b41e24485cea50d1cbac27 -> 
  custom:video-encoder-webm-vp8: eb34c28f22e8b96e1ab97ce403110664 -> 
  custom:video-decoder-webm-vp8: 9c59270c3fd7afecdb556c50c9e8de78 -> 
  custom:audio-decoder-ogg-vorbis: bf7c407c2cedff20999df2af8eb42d56 -> 
  custom:audio-encoder-webm-vorbis: bf7c407c2cedff20999df2af8eb42d56 -> 
========================================================================
Received Import Request.
  Time since last request: 70.946953 seconds.
  path: Assets/Scripts/CarController.cs
  artifactKey: Guid(159babe7087afc649bd46b9decfbc055) Importer(815301076,1909f56bfc062723c751e8b465ee728b)
Start importing Assets/Scripts/CarController.cs using Guid(159babe7087afc649bd46b9decfbc055) Importer(815301076,1909f56bfc062723c751e8b465ee728b)  -> (artifact id: '1dcfc9b10e5a0e256c884cfb907c58ba') in 0.005935 seconds 
========================================================================
Received Prepare
Registering precompiled user dll's ...
Registered in 0.003468 seconds.
Begin MonoManager ReloadAssembly
Symbol file LoadedFromMemory doesn't match image D:\Programs\Unity\Unity Project\Bai tap 1\Library\PackageCache\com.unity.visualscripting@1.6.1\Editor\VisualScripting.Core\Dependencies\YamlDotNet\Unity.VisualScripting.YamlDotNet.dll
Symbol file LoadedFromMemory doesn't match image D:\Programs\Unity\Unity Project\Bai tap 1\Library\PackageCache\com.unity.visualscripting@1.6.1\Editor\VisualScripting.Core\Dependencies\DotNetZip\Unity.VisualScripting.IonicZip.dll
Native extension for WindowsStandalone target not found
Refreshing native plugins compatible for Editor in 0.88 ms, found 3 plugins.
Preloading 0 native plugins for Editor in 0.00 ms.
Mono: successfully reloaded assembly
- Completed reload, in  1.063 seconds
Domain Reload Profiling:
	ReloadAssembly (1064ms)
		BeginReloadAssembly (124ms)
			ExecutionOrderSort (0ms)
			DisableScriptedObjects (4ms)
			BackupInstance (0ms)
			ReleaseScriptingObjects (0ms)
			CreateAndSetChildDomain (43ms)
		EndReloadAssembly (880ms)
			LoadAssemblies (87ms)
			RebuildTransferFunctionScriptingTraits (0ms)
			SetupTypeCache (341ms)
			ReleaseScriptCaches (1ms)
			RebuildScriptCaches (42ms)
			SetupLoadedEditorAssemblies (327ms)
				LogAssemblyErrors (0ms)
				InitializePlatformSupportModulesInManaged (4ms)
				SetLoadedEditorAssemblies (0ms)
				RefreshPlugins (1ms)
				BeforeProcessingInitializeOnLoad (43ms)
				ProcessInitializeOnLoadAttributes (271ms)
				ProcessInitializeOnLoadMethodAttributes (4ms)
				AfterProcessingInitializeOnLoad (2ms)
				EditorAssembliesLoaded (0ms)
			ExecutionOrderSort2 (0ms)
			AwakeInstancesAfterBackupRestoration (6ms)
Platform modules already initialized, skipping
Refreshing native plugins compatible for Editor in 0.71 ms, found 3 plugins.
Preloading 0 native plugins for Editor in 0.00 ms.
Unloading 3112 Unused Serialized files (Serialized files now loaded: 0)
System memory in use before: 128.9 MB.
System memory in use after: 129.1 MB.

Unloading 19 unused Assets to reduce memory usage. Loaded Objects now: 3608.
Total: 3.433300 ms (FindLiveObjects: 0.231600 ms CreateObjectMapping: 0.111000 ms MarkObjects: 3.018200 ms  DeleteObjects: 0.071500 ms)

AssetImportParameters requested are different than current active one (requested -> active):
  custom:framework-win-MediaFoundation: 216162199b28c13a410421893ffa2e32 -> 
  custom:video-decoder-ogg-theora: a1e56fd34408186e4bbccfd4996cb3dc -> 
  custom:container-muxer-webm: aa71ff27fc2769a1b78a27578f13a17b -> 
  custom:container-demuxer-webm: 4f35f7cbe854078d1ac9338744f61a02 -> 
  custom:container-demuxer-ogg: 62fdf1f143b41e24485cea50d1cbac27 -> 
  custom:video-encoder-webm-vp8: eb34c28f22e8b96e1ab97ce403110664 -> 
  custom:video-decoder-webm-vp8: 9c59270c3fd7afecdb556c50c9e8de78 -> 
  custom:audio-decoder-ogg-vorbis: bf7c407c2cedff20999df2af8eb42d56 -> 
  custom:audio-encoder-webm-vorbis: bf7c407c2cedff20999df2af8eb42d56 -> 
========================================================================
Received Import Request.
  Time since last request: 43.548657 seconds.
  path: Assets/Scripts/CarController.cs
  artifactKey: Guid(159babe7087afc649bd46b9decfbc055) Importer(815301076,1909f56bfc062723c751e8b465ee728b)
Start importing Assets/Scripts/CarController.cs using Guid(159babe7087afc649bd46b9decfbc055) Importer(815301076,1909f56bfc062723c751e8b465ee728b)  -> (artifact id: '9d017f516dc76edcd6751aecda32d669') in 0.006078 seconds 
========================================================================
Received Prepare
Registering precompiled user dll's ...
Registered in 0.003299 seconds.
Begin MonoManager ReloadAssembly
Symbol file LoadedFromMemory doesn't match image D:\Programs\Unity\Unity Project\Bai tap 1\Library\PackageCache\com.unity.visualscripting@1.6.1\Editor\VisualScripting.Core\Dependencies\YamlDotNet\Unity.VisualScripting.YamlDotNet.dll
Symbol file LoadedFromMemory doesn't match image D:\Programs\Unity\Unity Project\Bai tap 1\Library\PackageCache\com.unity.visualscripting@1.6.1\Editor\VisualScripting.Core\Dependencies\DotNetZip\Unity.VisualScripting.IonicZip.dll
Native extension for WindowsStandalone target not found
Refreshing native plugins compatible for Editor in 0.73 ms, found 3 plugins.
Preloading 0 native plugins for Editor in 0.00 ms.
Mono: successfully reloaded assembly
- Completed reload, in  1.190 seconds
Domain Reload Profiling:
	ReloadAssembly (1191ms)
		BeginReloadAssembly (127ms)
			ExecutionOrderSort (0ms)
			DisableScriptedObjects (6ms)
			BackupInstance (0ms)
			ReleaseScriptingObjects (0ms)
			CreateAndSetChildDomain (40ms)
		EndReloadAssembly (998ms)
			LoadAssemblies (98ms)
			RebuildTransferFunctionScriptingTraits (0ms)
			SetupTypeCache (409ms)
			ReleaseScriptCaches (1ms)
			RebuildScriptCaches (40ms)
			SetupLoadedEditorAssemblies (334ms)
				LogAssemblyErrors (0ms)
				InitializePlatformSupportModulesInManaged (5ms)
				SetLoadedEditorAssemblies (1ms)
				RefreshPlugins (1ms)
				BeforeProcessingInitializeOnLoad (45ms)
				ProcessInitializeOnLoadAttributes (274ms)
				ProcessInitializeOnLoadMethodAttributes (6ms)
				AfterProcessingInitializeOnLoad (3ms)
				EditorAssembliesLoaded (0ms)
			ExecutionOrderSort2 (0ms)
			AwakeInstancesAfterBackupRestoration (15ms)
Platform modules already initialized, skipping
Refreshing native plugins compatible for Editor in 0.74 ms, found 3 plugins.
Preloading 0 native plugins for Editor in 0.00 ms.
Unloading 3112 Unused Serialized files (Serialized files now loaded: 0)
System memory in use before: 128.9 MB.
System memory in use after: 129.1 MB.

Unloading 19 unused Assets to reduce memory usage. Loaded Objects now: 3611.
Total: 3.042800 ms (FindLiveObjects: 0.326200 ms CreateObjectMapping: 0.181100 ms MarkObjects: 2.464500 ms  DeleteObjects: 0.070100 ms)

AssetImportParameters requested are different than current active one (requested -> active):
  custom:framework-win-MediaFoundation: 216162199b28c13a410421893ffa2e32 -> 
  custom:video-decoder-ogg-theora: a1e56fd34408186e4bbccfd4996cb3dc -> 
  custom:container-muxer-webm: aa71ff27fc2769a1b78a27578f13a17b -> 
  custom:container-demuxer-webm: 4f35f7cbe854078d1ac9338744f61a02 -> 
  custom:container-demuxer-ogg: 62fdf1f143b41e24485cea50d1cbac27 -> 
  custom:video-encoder-webm-vp8: eb34c28f22e8b96e1ab97ce403110664 -> 
  custom:video-decoder-webm-vp8: 9c59270c3fd7afecdb556c50c9e8de78 -> 
  custom:audio-decoder-ogg-vorbis: bf7c407c2cedff20999df2af8eb42d56 -> 
  custom:audio-encoder-webm-vorbis: bf7c407c2cedff20999df2af8eb42d56 -> 
========================================================================
Received Import Request.
  Time since last request: 14.116100 seconds.
  path: Assets/Scripts/CarController.cs
  artifactKey: Guid(159babe7087afc649bd46b9decfbc055) Importer(815301076,1909f56bfc062723c751e8b465ee728b)
Start importing Assets/Scripts/CarController.cs using Guid(159babe7087afc649bd46b9decfbc055) Importer(815301076,1909f56bfc062723c751e8b465ee728b)  -> (artifact id: '03153f900bd2f0488439d23e87b11c3a') in 0.006017 seconds 
========================================================================
Received Prepare
Registering precompiled user dll's ...
Registered in 0.003972 seconds.
Begin MonoManager ReloadAssembly
Symbol file LoadedFromMemory doesn't match image D:\Programs\Unity\Unity Project\Bai tap 1\Library\PackageCache\com.unity.visualscripting@1.6.1\Editor\VisualScripting.Core\Dependencies\YamlDotNet\Unity.VisualScripting.YamlDotNet.dll
Symbol file LoadedFromMemory doesn't match image D:\Programs\Unity\Unity Project\Bai tap 1\Library\PackageCache\com.unity.visualscripting@1.6.1\Editor\VisualScripting.Core\Dependencies\DotNetZip\Unity.VisualScripting.IonicZip.dll
Native extension for WindowsStandalone target not found
Refreshing native plugins compatible for Editor in 1.45 ms, found 3 plugins.
Preloading 0 native plugins for Editor in 0.00 ms.
Mono: successfully reloaded assembly
- Completed reload, in  1.083 seconds
Domain Reload Profiling:
	ReloadAssembly (1083ms)
		BeginReloadAssembly (127ms)
			ExecutionOrderSort (0ms)
			DisableScriptedObjects (4ms)
			BackupInstance (0ms)
			ReleaseScriptingObjects (0ms)
			CreateAndSetChildDomain (37ms)
		EndReloadAssembly (902ms)
			LoadAssemblies (98ms)
			RebuildTransferFunctionScriptingTraits (0ms)
			SetupTypeCache (345ms)
			ReleaseScriptCaches (1ms)
			RebuildScriptCaches (42ms)
			SetupLoadedEditorAssemblies (337ms)
				LogAssemblyErrors (0ms)
				InitializePlatformSupportModulesInManaged (4ms)
				SetLoadedEditorAssemblies (0ms)
				RefreshPlugins (2ms)
				BeforeProcessingInitializeOnLoad (46ms)
				ProcessInitializeOnLoadAttributes (278ms)
				ProcessInitializeOnLoadMethodAttributes (4ms)
				AfterProcessingInitializeOnLoad (2ms)
				EditorAssembliesLoaded (0ms)
			ExecutionOrderSort2 (0ms)
			AwakeInstancesAfterBackupRestoration (6ms)
Platform modules already initialized, skipping
Refreshing native plugins compatible for Editor in 1.30 ms, found 3 plugins.
Preloading 0 native plugins for Editor in 0.00 ms.
Unloading 3112 Unused Serialized files (Serialized files now loaded: 0)
System memory in use before: 128.9 MB.
System memory in use after: 129.1 MB.

Unloading 19 unused Assets to reduce memory usage. Loaded Objects now: 3614.
Total: 3.293000 ms (FindLiveObjects: 0.244600 ms CreateObjectMapping: 0.144300 ms MarkObjects: 2.796900 ms  DeleteObjects: 0.106500 ms)

AssetImportParameters requested are different than current active one (requested -> active):
  custom:framework-win-MediaFoundation: 216162199b28c13a410421893ffa2e32 -> 
  custom:video-decoder-ogg-theora: a1e56fd34408186e4bbccfd4996cb3dc -> 
  custom:container-muxer-webm: aa71ff27fc2769a1b78a27578f13a17b -> 
  custom:container-demuxer-webm: 4f35f7cbe854078d1ac9338744f61a02 -> 
  custom:container-demuxer-ogg: 62fdf1f143b41e24485cea50d1cbac27 -> 
  custom:video-encoder-webm-vp8: eb34c28f22e8b96e1ab97ce403110664 -> 
  custom:video-decoder-webm-vp8: 9c59270c3fd7afecdb556c50c9e8de78 -> 
  custom:audio-decoder-ogg-vorbis: bf7c407c2cedff20999df2af8eb42d56 -> 
  custom:audio-encoder-webm-vorbis: bf7c407c2cedff20999df2af8eb42d56 -> 
========================================================================
Received Import Request.
  Time since last request: 108.263675 seconds.
  path: Assets/Scripts/CarController.cs
  artifactKey: Guid(159babe7087afc649bd46b9decfbc055) Importer(815301076,1909f56bfc062723c751e8b465ee728b)
Start importing Assets/Scripts/CarController.cs using Guid(159babe7087afc649bd46b9decfbc055) Importer(815301076,1909f56bfc062723c751e8b465ee728b)  -> (artifact id: '034add3f5519451ad8a97d65763f2e9d') in 0.006333 seconds 
========================================================================
Received Prepare
Registering precompiled user dll's ...
Registered in 0.003747 seconds.
Begin MonoManager ReloadAssembly
Symbol file LoadedFromMemory doesn't match image D:\Programs\Unity\Unity Project\Bai tap 1\Library\PackageCache\com.unity.visualscripting@1.6.1\Editor\VisualScripting.Core\Dependencies\YamlDotNet\Unity.VisualScripting.YamlDotNet.dll
Symbol file LoadedFromMemory doesn't match image D:\Programs\Unity\Unity Project\Bai tap 1\Library\PackageCache\com.unity.visualscripting@1.6.1\Editor\VisualScripting.Core\Dependencies\DotNetZip\Unity.VisualScripting.IonicZip.dll
Native extension for WindowsStandalone target not found
Refreshing native plugins compatible for Editor in 0.63 ms, found 3 plugins.
Preloading 0 native plugins for Editor in 0.00 ms.
Mono: successfully reloaded assembly
- Completed reload, in  1.088 seconds
Domain Reload Profiling:
	ReloadAssembly (1088ms)
		BeginReloadAssembly (126ms)
			ExecutionOrderSort (0ms)
			DisableScriptedObjects (4ms)
			BackupInstance (0ms)
			ReleaseScriptingObjects (0ms)
			CreateAndSetChildDomain (39ms)
		EndReloadAssembly (908ms)
			LoadAssemblies (94ms)
			RebuildTransferFunctionScriptingTraits (0ms)
			SetupTypeCache (344ms)
			ReleaseScriptCaches (1ms)
			RebuildScriptCaches (41ms)
			SetupLoadedEditorAssemblies (356ms)
				LogAssemblyErrors (0ms)
				InitializePlatformSupportModulesInManaged (4ms)
				SetLoadedEditorAssemblies (0ms)
				RefreshPlugins (1ms)
				BeforeProcessingInitializeOnLoad (43ms)
				ProcessInitializeOnLoadAttributes (301ms)
				ProcessInitializeOnLoadMethodAttributes (4ms)
				AfterProcessingInitializeOnLoad (2ms)
				EditorAssembliesLoaded (0ms)
			ExecutionOrderSort2 (0ms)
			AwakeInstancesAfterBackupRestoration (6ms)
Platform modules already initialized, skipping
Refreshing native plugins compatible for Editor in 0.70 ms, found 3 plugins.
Preloading 0 native plugins for Editor in 0.00 ms.
Unloading 3112 Unused Serialized files (Serialized files now loaded: 0)
System memory in use before: 128.9 MB.
System memory in use after: 129.1 MB.

Unloading 19 unused Assets to reduce memory usage. Loaded Objects now: 3617.
Total: 3.165100 ms (FindLiveObjects: 0.260100 ms CreateObjectMapping: 0.125500 ms MarkObjects: 2.710300 ms  DeleteObjects: 0.068500 ms)

AssetImportParameters requested are different than current active one (requested -> active):
  custom:framework-win-MediaFoundation: 216162199b28c13a410421893ffa2e32 -> 
  custom:video-decoder-ogg-theora: a1e56fd34408186e4bbccfd4996cb3dc -> 
  custom:container-muxer-webm: aa71ff27fc2769a1b78a27578f13a17b -> 
  custom:container-demuxer-webm: 4f35f7cbe854078d1ac9338744f61a02 -> 
  custom:container-demuxer-ogg: 62fdf1f143b41e24485cea50d1cbac27 -> 
  custom:video-encoder-webm-vp8: eb34c28f22e8b96e1ab97ce403110664 -> 
  custom:video-decoder-webm-vp8: 9c59270c3fd7afecdb556c50c9e8de78 -> 
  custom:audio-decoder-ogg-vorbis: bf7c407c2cedff20999df2af8eb42d56 -> 
  custom:audio-encoder-webm-vorbis: bf7c407c2cedff20999df2af8eb42d56 -> 
========================================================================
Received Import Request.
  Time since last request: 33.065627 seconds.
  path: Assets/Scripts/CarController.cs
  artifactKey: Guid(159babe7087afc649bd46b9decfbc055) Importer(815301076,1909f56bfc062723c751e8b465ee728b)
Start importing Assets/Scripts/CarController.cs using Guid(159babe7087afc649bd46b9decfbc055) Importer(815301076,1909f56bfc062723c751e8b465ee728b)  -> (artifact id: 'ccc91efa55e785f4a12817b3b14c9dbb') in 0.006224 seconds 
========================================================================
Received Prepare
Registering precompiled user dll's ...
Registered in 0.003333 seconds.
Begin MonoManager ReloadAssembly
Symbol file LoadedFromMemory doesn't match image D:\Programs\Unity\Unity Project\Bai tap 1\Library\PackageCache\com.unity.visualscripting@1.6.1\Editor\VisualScripting.Core\Dependencies\YamlDotNet\Unity.VisualScripting.YamlDotNet.dll
Symbol file LoadedFromMemory doesn't match image D:\Programs\Unity\Unity Project\Bai tap 1\Library\PackageCache\com.unity.visualscripting@1.6.1\Editor\VisualScripting.Core\Dependencies\DotNetZip\Unity.VisualScripting.IonicZip.dll
Native extension for WindowsStandalone target not found
Refreshing native plugins compatible for Editor in 0.66 ms, found 3 plugins.
Preloading 0 native plugins for Editor in 0.00 ms.
Mono: successfully reloaded assembly
- Completed reload, in  1.147 seconds
Domain Reload Profiling:
	ReloadAssembly (1147ms)
		BeginReloadAssembly (120ms)
			ExecutionOrderSort (0ms)
			DisableScriptedObjects (4ms)
			BackupInstance (0ms)
			ReleaseScriptingObjects (0ms)
			CreateAndSetChildDomain (34ms)
		EndReloadAssembly (974ms)
			LoadAssemblies (94ms)
			RebuildTransferFunctionScriptingTraits (0ms)
			SetupTypeCache (407ms)
			ReleaseScriptCaches (1ms)
			RebuildScriptCaches (45ms)
			SetupLoadedEditorAssemblies (346ms)
				LogAssemblyErrors (0ms)
				InitializePlatformSupportModulesInManaged (5ms)
				SetLoadedEditorAssemblies (0ms)
				RefreshPlugins (1ms)
				BeforeProcessingInitializeOnLoad (47ms)
				ProcessInitializeOnLoadAttributes (286ms)
				ProcessInitializeOnLoadMethodAttributes (4ms)
				AfterProcessingInitializeOnLoad (2ms)
				EditorAssembliesLoaded (0ms)
			ExecutionOrderSort2 (0ms)
			AwakeInstancesAfterBackupRestoration (7ms)
Platform modules already initialized, skipping
Refreshing native plugins compatible for Editor in 0.67 ms, found 3 plugins.
Preloading 0 native plugins for Editor in 0.00 ms.
Unloading 3112 Unused Serialized files (Serialized files now loaded: 0)
System memory in use before: 128.9 MB.
System memory in use after: 129.1 MB.

Unloading 19 unused Assets to reduce memory usage. Loaded Objects now: 3620.
Total: 3.202200 ms (FindLiveObjects: 0.258900 ms CreateObjectMapping: 0.132100 ms MarkObjects: 2.719800 ms  DeleteObjects: 0.090500 ms)

AssetImportParameters requested are different than current active one (requested -> active):
  custom:framework-win-MediaFoundation: 216162199b28c13a410421893ffa2e32 -> 
  custom:video-decoder-ogg-theora: a1e56fd34408186e4bbccfd4996cb3dc -> 
  custom:container-muxer-webm: aa71ff27fc2769a1b78a27578f13a17b -> 
  custom:container-demuxer-webm: 4f35f7cbe854078d1ac9338744f61a02 -> 
  custom:container-demuxer-ogg: 62fdf1f143b41e24485cea50d1cbac27 -> 
  custom:video-encoder-webm-vp8: eb34c28f22e8b96e1ab97ce403110664 -> 
  custom:video-decoder-webm-vp8: 9c59270c3fd7afecdb556c50c9e8de78 -> 
  custom:audio-decoder-ogg-vorbis: bf7c407c2cedff20999df2af8eb42d56 -> 
  custom:audio-encoder-webm-vorbis: bf7c407c2cedff20999df2af8eb42d56 -> 
========================================================================
Received Import Request.
  Time since last request: 10.902900 seconds.
  path: Assets/Scripts/CarController.cs
  artifactKey: Guid(159babe7087afc649bd46b9decfbc055) Importer(815301076,1909f56bfc062723c751e8b465ee728b)
Start importing Assets/Scripts/CarController.cs using Guid(159babe7087afc649bd46b9decfbc055) Importer(815301076,1909f56bfc062723c751e8b465ee728b)  -> (artifact id: 'a3d9bd8419265d605348cadcf94aacab') in 0.005473 seconds 
========================================================================
Received Prepare
Registering precompiled user dll's ...
Registered in 0.003320 seconds.
Begin MonoManager ReloadAssembly
Symbol file LoadedFromMemory doesn't match image D:\Programs\Unity\Unity Project\Bai tap 1\Library\PackageCache\com.unity.visualscripting@1.6.1\Editor\VisualScripting.Core\Dependencies\YamlDotNet\Unity.VisualScripting.YamlDotNet.dll
Symbol file LoadedFromMemory doesn't match image D:\Programs\Unity\Unity Project\Bai tap 1\Library\PackageCache\com.unity.visualscripting@1.6.1\Editor\VisualScripting.Core\Dependencies\DotNetZip\Unity.VisualScripting.IonicZip.dll
Native extension for WindowsStandalone target not found
Refreshing native plugins compatible for Editor in 0.61 ms, found 3 plugins.
Preloading 0 native plugins for Editor in 0.00 ms.
Mono: successfully reloaded assembly
- Completed reload, in  1.151 seconds
Domain Reload Profiling:
	ReloadAssembly (1151ms)
		BeginReloadAssembly (206ms)
			ExecutionOrderSort (0ms)
			DisableScriptedObjects (4ms)
			BackupInstance (0ms)
			ReleaseScriptingObjects (0ms)
			CreateAndSetChildDomain (39ms)
		EndReloadAssembly (887ms)
			LoadAssemblies (183ms)
			RebuildTransferFunctionScriptingTraits (0ms)
			SetupTypeCache (322ms)
			ReleaseScriptCaches (1ms)
			RebuildScriptCaches (40ms)
			SetupLoadedEditorAssemblies (346ms)
				LogAssemblyErrors (0ms)
				InitializePlatformSupportModulesInManaged (4ms)
				SetLoadedEditorAssemblies (0ms)
				RefreshPlugins (1ms)
				BeforeProcessingInitializeOnLoad (44ms)
				ProcessInitializeOnLoadAttributes (290ms)
				ProcessInitializeOnLoadMethodAttributes (4ms)
				AfterProcessingInitializeOnLoad (2ms)
				EditorAssembliesLoaded (0ms)
			ExecutionOrderSort2 (0ms)
			AwakeInstancesAfterBackupRestoration (7ms)
Platform modules already initialized, skipping
Refreshing native plugins compatible for Editor in 0.80 ms, found 3 plugins.
Preloading 0 native plugins for Editor in 0.00 ms.
Unloading 3112 Unused Serialized files (Serialized files now loaded: 0)
System memory in use before: 128.9 MB.
System memory in use after: 129.1 MB.

Unloading 19 unused Assets to reduce memory usage. Loaded Objects now: 3623.
Total: 3.553200 ms (FindLiveObjects: 0.284800 ms CreateObjectMapping: 0.122700 ms MarkObjects: 3.072900 ms  DeleteObjects: 0.071700 ms)

AssetImportParameters requested are different than current active one (requested -> active):
  custom:framework-win-MediaFoundation: 216162199b28c13a410421893ffa2e32 -> 
  custom:video-decoder-ogg-theora: a1e56fd34408186e4bbccfd4996cb3dc -> 
  custom:container-muxer-webm: aa71ff27fc2769a1b78a27578f13a17b -> 
  custom:container-demuxer-webm: 4f35f7cbe854078d1ac9338744f61a02 -> 
  custom:container-demuxer-ogg: 62fdf1f143b41e24485cea50d1cbac27 -> 
  custom:video-encoder-webm-vp8: eb34c28f22e8b96e1ab97ce403110664 -> 
  custom:video-decoder-webm-vp8: 9c59270c3fd7afecdb556c50c9e8de78 -> 
  custom:audio-decoder-ogg-vorbis: bf7c407c2cedff20999df2af8eb42d56 -> 
  custom:audio-encoder-webm-vorbis: bf7c407c2cedff20999df2af8eb42d56 -> 
========================================================================
Received Import Request.
  Time since last request: 10.906754 seconds.
  path: Assets/Scripts/CarController.cs
  artifactKey: Guid(159babe7087afc649bd46b9decfbc055) Importer(815301076,1909f56bfc062723c751e8b465ee728b)
Start importing Assets/Scripts/CarController.cs using Guid(159babe7087afc649bd46b9decfbc055) Importer(815301076,1909f56bfc062723c751e8b465ee728b)  -> (artifact id: 'abba45db27d2c952c484065a1e7a301b') in 0.006559 seconds 
========================================================================
Received Prepare
Registering precompiled user dll's ...
Registered in 0.003603 seconds.
Begin MonoManager ReloadAssembly
Symbol file LoadedFromMemory doesn't match image D:\Programs\Unity\Unity Project\Bai tap 1\Library\PackageCache\com.unity.visualscripting@1.6.1\Editor\VisualScripting.Core\Dependencies\YamlDotNet\Unity.VisualScripting.YamlDotNet.dll
Symbol file LoadedFromMemory doesn't match image D:\Programs\Unity\Unity Project\Bai tap 1\Library\PackageCache\com.unity.visualscripting@1.6.1\Editor\VisualScripting.Core\Dependencies\DotNetZip\Unity.VisualScripting.IonicZip.dll
Native extension for WindowsStandalone target not found
Refreshing native plugins compatible for Editor in 0.62 ms, found 3 plugins.
Preloading 0 native plugins for Editor in 0.00 ms.
Mono: successfully reloaded assembly
- Completed reload, in  1.047 seconds
Domain Reload Profiling:
	ReloadAssembly (1048ms)
		BeginReloadAssembly (117ms)
			ExecutionOrderSort (0ms)
			DisableScriptedObjects (4ms)
			BackupInstance (0ms)
			ReleaseScriptingObjects (0ms)
			CreateAndSetChildDomain (34ms)
		EndReloadAssembly (871ms)
			LoadAssemblies (85ms)
			RebuildTransferFunctionScriptingTraits (0ms)
			SetupTypeCache (309ms)
			ReleaseScriptCaches (1ms)
			RebuildScriptCaches (39ms)
			SetupLoadedEditorAssemblies (352ms)
				LogAssemblyErrors (0ms)
				InitializePlatformSupportModulesInManaged (4ms)
				SetLoadedEditorAssemblies (0ms)
				RefreshPlugins (1ms)
				BeforeProcessingInitializeOnLoad (41ms)
				ProcessInitializeOnLoadAttributes (298ms)
				ProcessInitializeOnLoadMethodAttributes (4ms)
				AfterProcessingInitializeOnLoad (2ms)
				EditorAssembliesLoaded (0ms)
			ExecutionOrderSort2 (0ms)
			AwakeInstancesAfterBackupRestoration (7ms)
Platform modules already initialized, skipping
Refreshing native plugins compatible for Editor in 0.67 ms, found 3 plugins.
Preloading 0 native plugins for Editor in 0.00 ms.
Unloading 3112 Unused Serialized files (Serialized files now loaded: 0)
System memory in use before: 128.9 MB.
System memory in use after: 129.1 MB.

Unloading 19 unused Assets to reduce memory usage. Loaded Objects now: 3626.
Total: 3.131200 ms (FindLiveObjects: 0.274000 ms CreateObjectMapping: 0.114300 ms MarkObjects: 2.674600 ms  DeleteObjects: 0.067500 ms)

AssetImportParameters requested are different than current active one (requested -> active):
  custom:framework-win-MediaFoundation: 216162199b28c13a410421893ffa2e32 -> 
  custom:video-decoder-ogg-theora: a1e56fd34408186e4bbccfd4996cb3dc -> 
  custom:container-muxer-webm: aa71ff27fc2769a1b78a27578f13a17b -> 
  custom:container-demuxer-webm: 4f35f7cbe854078d1ac9338744f61a02 -> 
  custom:container-demuxer-ogg: 62fdf1f143b41e24485cea50d1cbac27 -> 
  custom:video-encoder-webm-vp8: eb34c28f22e8b96e1ab97ce403110664 -> 
  custom:video-decoder-webm-vp8: 9c59270c3fd7afecdb556c50c9e8de78 -> 
  custom:audio-decoder-ogg-vorbis: bf7c407c2cedff20999df2af8eb42d56 -> 
  custom:audio-encoder-webm-vorbis: bf7c407c2cedff20999df2af8eb42d56 -> 
========================================================================
Received Import Request.
  Time since last request: 18.023390 seconds.
  path: Assets/Scripts/CarController.cs
  artifactKey: Guid(159babe7087afc649bd46b9decfbc055) Importer(815301076,1909f56bfc062723c751e8b465ee728b)
Start importing Assets/Scripts/CarController.cs using Guid(159babe7087afc649bd46b9decfbc055) Importer(815301076,1909f56bfc062723c751e8b465ee728b)  -> (artifact id: '27ad565277fa314a1b7ddb71e538e494') in 0.005970 seconds 
========================================================================
Received Prepare
Registering precompiled user dll's ...
Registered in 0.004219 seconds.
Begin MonoManager ReloadAssembly
Symbol file LoadedFromMemory doesn't match image D:\Programs\Unity\Unity Project\Bai tap 1\Library\PackageCache\com.unity.visualscripting@1.6.1\Editor\VisualScripting.Core\Dependencies\YamlDotNet\Unity.VisualScripting.YamlDotNet.dll
Symbol file LoadedFromMemory doesn't match image D:\Programs\Unity\Unity Project\Bai tap 1\Library\PackageCache\com.unity.visualscripting@1.6.1\Editor\VisualScripting.Core\Dependencies\DotNetZip\Unity.VisualScripting.IonicZip.dll
Native extension for WindowsStandalone target not found
Refreshing native plugins compatible for Editor in 0.68 ms, found 3 plugins.
Preloading 0 native plugins for Editor in 0.00 ms.
Mono: successfully reloaded assembly
- Completed reload, in  1.052 seconds
Domain Reload Profiling:
	ReloadAssembly (1053ms)
		BeginReloadAssembly (130ms)
			ExecutionOrderSort (0ms)
			DisableScriptedObjects (5ms)
			BackupInstance (0ms)
			ReleaseScriptingObjects (0ms)
			CreateAndSetChildDomain (39ms)
		EndReloadAssembly (857ms)
			LoadAssemblies (100ms)
			RebuildTransferFunctionScriptingTraits (0ms)
			SetupTypeCache (321ms)
			ReleaseScriptCaches (1ms)
			RebuildScriptCaches (40ms)
			SetupLoadedEditorAssemblies (322ms)
				LogAssemblyErrors (0ms)
				InitializePlatformSupportModulesInManaged (4ms)
				SetLoadedEditorAssemblies (0ms)
				RefreshPlugins (1ms)
				BeforeProcessingInitializeOnLoad (45ms)
				ProcessInitializeOnLoadAttributes (266ms)
				ProcessInitializeOnLoadMethodAttributes (4ms)
				AfterProcessingInitializeOnLoad (2ms)
				EditorAssembliesLoaded (0ms)
			ExecutionOrderSort2 (0ms)
			AwakeInstancesAfterBackupRestoration (6ms)
Platform modules already initialized, skipping
Refreshing native plugins compatible for Editor in 0.70 ms, found 3 plugins.
Preloading 0 native plugins for Editor in 0.00 ms.
Unloading 3112 Unused Serialized files (Serialized files now loaded: 0)
System memory in use before: 128.9 MB.
System memory in use after: 129.2 MB.

Unloading 19 unused Assets to reduce memory usage. Loaded Objects now: 3629.
Total: 3.315700 ms (FindLiveObjects: 0.253300 ms CreateObjectMapping: 0.116600 ms MarkObjects: 2.876300 ms  DeleteObjects: 0.068000 ms)

AssetImportParameters requested are different than current active one (requested -> active):
  custom:framework-win-MediaFoundation: 216162199b28c13a410421893ffa2e32 -> 
  custom:video-decoder-ogg-theora: a1e56fd34408186e4bbccfd4996cb3dc -> 
  custom:container-muxer-webm: aa71ff27fc2769a1b78a27578f13a17b -> 
  custom:container-demuxer-webm: 4f35f7cbe854078d1ac9338744f61a02 -> 
  custom:container-demuxer-ogg: 62fdf1f143b41e24485cea50d1cbac27 -> 
  custom:video-encoder-webm-vp8: eb34c28f22e8b96e1ab97ce403110664 -> 
  custom:video-decoder-webm-vp8: 9c59270c3fd7afecdb556c50c9e8de78 -> 
  custom:audio-decoder-ogg-vorbis: bf7c407c2cedff20999df2af8eb42d56 -> 
  custom:audio-encoder-webm-vorbis: bf7c407c2cedff20999df2af8eb42d56 -> 
========================================================================
Received Import Request.
  Time since last request: 39.671441 seconds.
  path: Assets/Scripts/CarController.cs
  artifactKey: Guid(159babe7087afc649bd46b9decfbc055) Importer(815301076,1909f56bfc062723c751e8b465ee728b)
Start importing Assets/Scripts/CarController.cs using Guid(159babe7087afc649bd46b9decfbc055) Importer(815301076,1909f56bfc062723c751e8b465ee728b)  -> (artifact id: 'f00bffb394ace2f5247d45c7b8ba1224') in 0.008594 seconds 
========================================================================
Received Prepare
Registering precompiled user dll's ...
Registered in 0.003286 seconds.
Begin MonoManager ReloadAssembly
Symbol file LoadedFromMemory doesn't match image D:\Programs\Unity\Unity Project\Bai tap 1\Library\PackageCache\com.unity.visualscripting@1.6.1\Editor\VisualScripting.Core\Dependencies\YamlDotNet\Unity.VisualScripting.YamlDotNet.dll
Symbol file LoadedFromMemory doesn't match image D:\Programs\Unity\Unity Project\Bai tap 1\Library\PackageCache\com.unity.visualscripting@1.6.1\Editor\VisualScripting.Core\Dependencies\DotNetZip\Unity.VisualScripting.IonicZip.dll
Native extension for WindowsStandalone target not found
Refreshing native plugins compatible for Editor in 0.75 ms, found 3 plugins.
Preloading 0 native plugins for Editor in 0.00 ms.
Mono: successfully reloaded assembly
- Completed reload, in  1.016 seconds
Domain Reload Profiling:
	ReloadAssembly (1016ms)
		BeginReloadAssembly (124ms)
			ExecutionOrderSort (0ms)
			DisableScriptedObjects (4ms)
			BackupInstance (0ms)
			ReleaseScriptingObjects (0ms)
			CreateAndSetChildDomain (33ms)
		EndReloadAssembly (842ms)
			LoadAssemblies (94ms)
			RebuildTransferFunctionScriptingTraits (0ms)
			SetupTypeCache (317ms)
			ReleaseScriptCaches (1ms)
			RebuildScriptCaches (38ms)
			SetupLoadedEditorAssemblies (319ms)
				LogAssemblyErrors (0ms)
				InitializePlatformSupportModulesInManaged (4ms)
				SetLoadedEditorAssemblies (0ms)
				RefreshPlugins (1ms)
				BeforeProcessingInitializeOnLoad (43ms)
				ProcessInitializeOnLoadAttributes (264ms)
				ProcessInitializeOnLoadMethodAttributes (5ms)
				AfterProcessingInitializeOnLoad (2ms)
				EditorAssembliesLoaded (0ms)
			ExecutionOrderSort2 (0ms)
			AwakeInstancesAfterBackupRestoration (6ms)
Platform modules already initialized, skipping
Refreshing native plugins compatible for Editor in 0.76 ms, found 3 plugins.
Preloading 0 native plugins for Editor in 0.00 ms.
Unloading 3112 Unused Serialized files (Serialized files now loaded: 0)
System memory in use before: 129.0 MB.
System memory in use after: 129.2 MB.

Unloading 19 unused Assets to reduce memory usage. Loaded Objects now: 3632.
Total: 4.050000 ms (FindLiveObjects: 0.272700 ms CreateObjectMapping: 0.148900 ms MarkObjects: 3.484500 ms  DeleteObjects: 0.142700 ms)

AssetImportParameters requested are different than current active one (requested -> active):
  custom:framework-win-MediaFoundation: 216162199b28c13a410421893ffa2e32 -> 
  custom:video-decoder-ogg-theora: a1e56fd34408186e4bbccfd4996cb3dc -> 
  custom:container-muxer-webm: aa71ff27fc2769a1b78a27578f13a17b -> 
  custom:container-demuxer-webm: 4f35f7cbe854078d1ac9338744f61a02 -> 
  custom:container-demuxer-ogg: 62fdf1f143b41e24485cea50d1cbac27 -> 
  custom:video-encoder-webm-vp8: eb34c28f22e8b96e1ab97ce403110664 -> 
  custom:video-decoder-webm-vp8: 9c59270c3fd7afecdb556c50c9e8de78 -> 
  custom:audio-decoder-ogg-vorbis: bf7c407c2cedff20999df2af8eb42d56 -> 
  custom:audio-encoder-webm-vorbis: bf7c407c2cedff20999df2af8eb42d56 -> 
========================================================================
Received Import Request.
  Time since last request: 34.583775 seconds.
  path: Assets/Scripts/CarController.cs
  artifactKey: Guid(159babe7087afc649bd46b9decfbc055) Importer(815301076,1909f56bfc062723c751e8b465ee728b)
Start importing Assets/Scripts/CarController.cs using Guid(159babe7087afc649bd46b9decfbc055) Importer(815301076,1909f56bfc062723c751e8b465ee728b)  -> (artifact id: '17d46afec0c1b55ed7b1831b6dc8cfb6') in 0.005842 seconds 
========================================================================
Received Prepare
Registering precompiled user dll's ...
Registered in 0.003579 seconds.
Begin MonoManager ReloadAssembly
Symbol file LoadedFromMemory doesn't match image D:\Programs\Unity\Unity Project\Bai tap 1\Library\PackageCache\com.unity.visualscripting@1.6.1\Editor\VisualScripting.Core\Dependencies\YamlDotNet\Unity.VisualScripting.YamlDotNet.dll
Symbol file LoadedFromMemory doesn't match image D:\Programs\Unity\Unity Project\Bai tap 1\Library\PackageCache\com.unity.visualscripting@1.6.1\Editor\VisualScripting.Core\Dependencies\DotNetZip\Unity.VisualScripting.IonicZip.dll
Native extension for WindowsStandalone target not found
Refreshing native plugins compatible for Editor in 0.62 ms, found 3 plugins.
Preloading 0 native plugins for Editor in 0.00 ms.
Mono: successfully reloaded assembly
- Completed reload, in  1.018 seconds
Domain Reload Profiling:
	ReloadAssembly (1018ms)
		BeginReloadAssembly (111ms)
			ExecutionOrderSort (0ms)
			DisableScriptedObjects (4ms)
			BackupInstance (0ms)
			ReleaseScriptingObjects (0ms)
			CreateAndSetChildDomain (36ms)
		EndReloadAssembly (857ms)
			LoadAssemblies (100ms)
			RebuildTransferFunctionScriptingTraits (0ms)
			SetupTypeCache (317ms)
			ReleaseScriptCaches (1ms)
			RebuildScriptCaches (39ms)
			SetupLoadedEditorAssemblies (323ms)
				LogAssemblyErrors (0ms)
				InitializePlatformSupportModulesInManaged (4ms)
				SetLoadedEditorAssemblies (0ms)
				RefreshPlugins (1ms)
				BeforeProcessingInitializeOnLoad (44ms)
				ProcessInitializeOnLoadAttributes (268ms)
				ProcessInitializeOnLoadMethodAttributes (4ms)
				AfterProcessingInitializeOnLoad (2ms)
				EditorAssembliesLoaded (0ms)
			ExecutionOrderSort2 (0ms)
			AwakeInstancesAfterBackupRestoration (6ms)
Platform modules already initialized, skipping
Refreshing native plugins compatible for Editor in 0.92 ms, found 3 plugins.
Preloading 0 native plugins for Editor in 0.00 ms.
Unloading 3112 Unused Serialized files (Serialized files now loaded: 0)
System memory in use before: 129.0 MB.
System memory in use after: 129.2 MB.

Unloading 19 unused Assets to reduce memory usage. Loaded Objects now: 3635.
Total: 3.563300 ms (FindLiveObjects: 0.276900 ms CreateObjectMapping: 0.159400 ms MarkObjects: 3.048200 ms  DeleteObjects: 0.077800 ms)

AssetImportParameters requested are different than current active one (requested -> active):
  custom:framework-win-MediaFoundation: 216162199b28c13a410421893ffa2e32 -> 
  custom:video-decoder-ogg-theora: a1e56fd34408186e4bbccfd4996cb3dc -> 
  custom:container-muxer-webm: aa71ff27fc2769a1b78a27578f13a17b -> 
  custom:container-demuxer-webm: 4f35f7cbe854078d1ac9338744f61a02 -> 
  custom:container-demuxer-ogg: 62fdf1f143b41e24485cea50d1cbac27 -> 
  custom:video-encoder-webm-vp8: eb34c28f22e8b96e1ab97ce403110664 -> 
  custom:video-decoder-webm-vp8: 9c59270c3fd7afecdb556c50c9e8de78 -> 
  custom:audio-decoder-ogg-vorbis: bf7c407c2cedff20999df2af8eb42d56 -> 
  custom:audio-encoder-webm-vorbis: bf7c407c2cedff20999df2af8eb42d56 -> 
========================================================================
Received Import Request.
  Time since last request: 14.123623 seconds.
  path: Assets/Scripts/CarController.cs
  artifactKey: Guid(159babe7087afc649bd46b9decfbc055) Importer(815301076,1909f56bfc062723c751e8b465ee728b)
Start importing Assets/Scripts/CarController.cs using Guid(159babe7087afc649bd46b9decfbc055) Importer(815301076,1909f56bfc062723c751e8b465ee728b)  -> (artifact id: '620975b1f5a3f0177327271373acf860') in 0.006340 seconds 
========================================================================
Received Prepare
Registering precompiled user dll's ...
Registered in 0.003360 seconds.
Begin MonoManager ReloadAssembly
Symbol file LoadedFromMemory doesn't match image D:\Programs\Unity\Unity Project\Bai tap 1\Library\PackageCache\com.unity.visualscripting@1.6.1\Editor\VisualScripting.Core\Dependencies\YamlDotNet\Unity.VisualScripting.YamlDotNet.dll
Symbol file LoadedFromMemory doesn't match image D:\Programs\Unity\Unity Project\Bai tap 1\Library\PackageCache\com.unity.visualscripting@1.6.1\Editor\VisualScripting.Core\Dependencies\DotNetZip\Unity.VisualScripting.IonicZip.dll
Native extension for WindowsStandalone target not found
Refreshing native plugins compatible for Editor in 0.65 ms, found 3 plugins.
Preloading 0 native plugins for Editor in 0.00 ms.
Mono: successfully reloaded assembly
- Completed reload, in  1.020 seconds
Domain Reload Profiling:
	ReloadAssembly (1020ms)
		BeginReloadAssembly (111ms)
			ExecutionOrderSort (0ms)
			DisableScriptedObjects (4ms)
			BackupInstance (0ms)
			ReleaseScriptingObjects (0ms)
			CreateAndSetChildDomain (35ms)
		EndReloadAssembly (858ms)
			LoadAssemblies (86ms)
			RebuildTransferFunctionScriptingTraits (0ms)
			SetupTypeCache (320ms)
			ReleaseScriptCaches (1ms)
			RebuildScriptCaches (39ms)
			SetupLoadedEditorAssemblies (335ms)
				LogAssemblyErrors (0ms)
				InitializePlatformSupportModulesInManaged (4ms)
				SetLoadedEditorAssemblies (0ms)
				RefreshPlugins (1ms)
				BeforeProcessingInitializeOnLoad (43ms)
				ProcessInitializeOnLoadAttributes (280ms)
				ProcessInitializeOnLoadMethodAttributes (4ms)
				AfterProcessingInitializeOnLoad (2ms)
				EditorAssembliesLoaded (0ms)
			ExecutionOrderSort2 (0ms)
			AwakeInstancesAfterBackupRestoration (6ms)
Platform modules already initialized, skipping
Refreshing native plugins compatible for Editor in 0.67 ms, found 3 plugins.
Preloading 0 native plugins for Editor in 0.00 ms.
Unloading 3112 Unused Serialized files (Serialized files now loaded: 0)
System memory in use before: 129.0 MB.
System memory in use after: 129.2 MB.

Unloading 19 unused Assets to reduce memory usage. Loaded Objects now: 3638.
Total: 3.567900 ms (FindLiveObjects: 0.249500 ms CreateObjectMapping: 0.119400 ms MarkObjects: 3.107300 ms  DeleteObjects: 0.089600 ms)

AssetImportParameters requested are different than current active one (requested -> active):
  custom:framework-win-MediaFoundation: 216162199b28c13a410421893ffa2e32 -> 
  custom:video-decoder-ogg-theora: a1e56fd34408186e4bbccfd4996cb3dc -> 
  custom:container-muxer-webm: aa71ff27fc2769a1b78a27578f13a17b -> 
  custom:container-demuxer-webm: 4f35f7cbe854078d1ac9338744f61a02 -> 
  custom:container-demuxer-ogg: 62fdf1f143b41e24485cea50d1cbac27 -> 
  custom:video-encoder-webm-vp8: eb34c28f22e8b96e1ab97ce403110664 -> 
  custom:video-decoder-webm-vp8: 9c59270c3fd7afecdb556c50c9e8de78 -> 
  custom:audio-decoder-ogg-vorbis: bf7c407c2cedff20999df2af8eb42d56 -> 
  custom:audio-encoder-webm-vorbis: bf7c407c2cedff20999df2af8eb42d56 -> 
========================================================================
Received Import Request.
  Time since last request: 99.006819 seconds.
  path: Assets/Scripts/CarController.cs
  artifactKey: Guid(159babe7087afc649bd46b9decfbc055) Importer(815301076,1909f56bfc062723c751e8b465ee728b)
Start importing Assets/Scripts/CarController.cs using Guid(159babe7087afc649bd46b9decfbc055) Importer(815301076,1909f56bfc062723c751e8b465ee728b)  -> (artifact id: '583e976247ff712b38e6fed859fb03c9') in 0.005579 seconds 
========================================================================
Received Prepare
Registering precompiled user dll's ...
Registered in 0.003383 seconds.
Begin MonoManager ReloadAssembly
Symbol file LoadedFromMemory doesn't match image D:\Programs\Unity\Unity Project\Bai tap 1\Library\PackageCache\com.unity.visualscripting@1.6.1\Editor\VisualScripting.Core\Dependencies\YamlDotNet\Unity.VisualScripting.YamlDotNet.dll
Symbol file LoadedFromMemory doesn't match image D:\Programs\Unity\Unity Project\Bai tap 1\Library\PackageCache\com.unity.visualscripting@1.6.1\Editor\VisualScripting.Core\Dependencies\DotNetZip\Unity.VisualScripting.IonicZip.dll
Native extension for WindowsStandalone target not found
Refreshing native plugins compatible for Editor in 0.88 ms, found 3 plugins.
Preloading 0 native plugins for Editor in 0.00 ms.
Mono: successfully reloaded assembly
- Completed reload, in  1.094 seconds
Domain Reload Profiling:
	ReloadAssembly (1095ms)
		BeginReloadAssembly (121ms)
			ExecutionOrderSort (0ms)
			DisableScriptedObjects (4ms)
			BackupInstance (0ms)
			ReleaseScriptingObjects (0ms)
			CreateAndSetChildDomain (33ms)
		EndReloadAssembly (921ms)
			LoadAssemblies (99ms)
			RebuildTransferFunctionScriptingTraits (0ms)
			SetupTypeCache (368ms)
			ReleaseScriptCaches (1ms)
			RebuildScriptCaches (45ms)
			SetupLoadedEditorAssemblies (334ms)
				LogAssemblyErrors (0ms)
				InitializePlatformSupportModulesInManaged (4ms)
				SetLoadedEditorAssemblies (0ms)
				RefreshPlugins (1ms)
				BeforeProcessingInitializeOnLoad (47ms)
				ProcessInitializeOnLoadAttributes (274ms)
				ProcessInitializeOnLoadMethodAttributes (5ms)
				AfterProcessingInitializeOnLoad (2ms)
				EditorAssembliesLoaded (0ms)
			ExecutionOrderSort2 (0ms)
			AwakeInstancesAfterBackupRestoration (7ms)
Platform modules already initialized, skipping
Refreshing native plugins compatible for Editor in 1.17 ms, found 3 plugins.
Preloading 0 native plugins for Editor in 0.00 ms.
Unloading 3112 Unused Serialized files (Serialized files now loaded: 0)
System memory in use before: 129.0 MB.
System memory in use after: 129.2 MB.

Unloading 19 unused Assets to reduce memory usage. Loaded Objects now: 3641.
Total: 4.017100 ms (FindLiveObjects: 0.277500 ms CreateObjectMapping: 0.131700 ms MarkObjects: 3.528600 ms  DeleteObjects: 0.078200 ms)

AssetImportParameters requested are different than current active one (requested -> active):
  custom:framework-win-MediaFoundation: 216162199b28c13a410421893ffa2e32 -> 
  custom:video-decoder-ogg-theora: a1e56fd34408186e4bbccfd4996cb3dc -> 
  custom:container-muxer-webm: aa71ff27fc2769a1b78a27578f13a17b -> 
  custom:container-demuxer-webm: 4f35f7cbe854078d1ac9338744f61a02 -> 
  custom:container-demuxer-ogg: 62fdf1f143b41e24485cea50d1cbac27 -> 
  custom:video-encoder-webm-vp8: eb34c28f22e8b96e1ab97ce403110664 -> 
  custom:video-decoder-webm-vp8: 9c59270c3fd7afecdb556c50c9e8de78 -> 
  custom:audio-decoder-ogg-vorbis: bf7c407c2cedff20999df2af8eb42d56 -> 
  custom:audio-encoder-webm-vorbis: bf7c407c2cedff20999df2af8eb42d56 -> 
========================================================================
Received Import Request.
  Time since last request: 9.262218 seconds.
  path: Assets/Scripts/CarController.cs
  artifactKey: Guid(159babe7087afc649bd46b9decfbc055) Importer(815301076,1909f56bfc062723c751e8b465ee728b)
Start importing Assets/Scripts/CarController.cs using Guid(159babe7087afc649bd46b9decfbc055) Importer(815301076,1909f56bfc062723c751e8b465ee728b)  -> (artifact id: '62499947a80526932908b90ab2828a96') in 0.006241 seconds 
========================================================================
Received Prepare
Registering precompiled user dll's ...
Registered in 0.003605 seconds.
Begin MonoManager ReloadAssembly
Symbol file LoadedFromMemory doesn't match image D:\Programs\Unity\Unity Project\Bai tap 1\Library\PackageCache\com.unity.visualscripting@1.6.1\Editor\VisualScripting.Core\Dependencies\YamlDotNet\Unity.VisualScripting.YamlDotNet.dll
Symbol file LoadedFromMemory doesn't match image D:\Programs\Unity\Unity Project\Bai tap 1\Library\PackageCache\com.unity.visualscripting@1.6.1\Editor\VisualScripting.Core\Dependencies\DotNetZip\Unity.VisualScripting.IonicZip.dll
Native extension for WindowsStandalone target not found
Refreshing native plugins compatible for Editor in 0.77 ms, found 3 plugins.
Preloading 0 native plugins for Editor in 0.00 ms.
Mono: successfully reloaded assembly
- Completed reload, in  1.022 seconds
Domain Reload Profiling:
	ReloadAssembly (1023ms)
		BeginReloadAssembly (118ms)
			ExecutionOrderSort (0ms)
			DisableScriptedObjects (4ms)
			BackupInstance (0ms)
			ReleaseScriptingObjects (0ms)
			CreateAndSetChildDomain (34ms)
		EndReloadAssembly (853ms)
			LoadAssemblies (85ms)
			RebuildTransferFunctionScriptingTraits (0ms)
			SetupTypeCache (320ms)
			ReleaseScriptCaches (1ms)
			RebuildScriptCaches (39ms)
			SetupLoadedEditorAssemblies (326ms)
				LogAssemblyErrors (0ms)
				InitializePlatformSupportModulesInManaged (4ms)
				SetLoadedEditorAssemblies (0ms)
				RefreshPlugins (1ms)
				BeforeProcessingInitializeOnLoad (43ms)
				ProcessInitializeOnLoadAttributes (270ms)
				ProcessInitializeOnLoadMethodAttributes (5ms)
				AfterProcessingInitializeOnLoad (2ms)
				EditorAssembliesLoaded (0ms)
			ExecutionOrderSort2 (0ms)
			AwakeInstancesAfterBackupRestoration (6ms)
Platform modules already initialized, skipping
Refreshing native plugins compatible for Editor in 0.72 ms, found 3 plugins.
Preloading 0 native plugins for Editor in 0.00 ms.
Unloading 3112 Unused Serialized files (Serialized files now loaded: 0)
System memory in use before: 129.0 MB.
System memory in use after: 129.2 MB.

Unloading 19 unused Assets to reduce memory usage. Loaded Objects now: 3644.
Total: 3.216000 ms (FindLiveObjects: 0.293300 ms CreateObjectMapping: 0.110000 ms MarkObjects: 2.741900 ms  DeleteObjects: 0.069700 ms)

AssetImportParameters requested are different than current active one (requested -> active):
  custom:framework-win-MediaFoundation: 216162199b28c13a410421893ffa2e32 -> 
  custom:video-decoder-ogg-theora: a1e56fd34408186e4bbccfd4996cb3dc -> 
  custom:container-muxer-webm: aa71ff27fc2769a1b78a27578f13a17b -> 
  custom:container-demuxer-webm: 4f35f7cbe854078d1ac9338744f61a02 -> 
  custom:container-demuxer-ogg: 62fdf1f143b41e24485cea50d1cbac27 -> 
  custom:video-encoder-webm-vp8: eb34c28f22e8b96e1ab97ce403110664 -> 
  custom:video-decoder-webm-vp8: 9c59270c3fd7afecdb556c50c9e8de78 -> 
  custom:audio-decoder-ogg-vorbis: bf7c407c2cedff20999df2af8eb42d56 -> 
  custom:audio-encoder-webm-vorbis: bf7c407c2cedff20999df2af8eb42d56 -> 
========================================================================
Received Prepare
Registering precompiled user dll's ...
Registered in 0.003356 seconds.
Begin MonoManager ReloadAssembly
Symbol file LoadedFromMemory doesn't match image D:\Programs\Unity\Unity Project\Bai tap 1\Library\PackageCache\com.unity.visualscripting@1.6.1\Editor\VisualScripting.Core\Dependencies\YamlDotNet\Unity.VisualScripting.YamlDotNet.dll
Symbol file LoadedFromMemory doesn't match image D:\Programs\Unity\Unity Project\Bai tap 1\Library\PackageCache\com.unity.visualscripting@1.6.1\Editor\VisualScripting.Core\Dependencies\DotNetZip\Unity.VisualScripting.IonicZip.dll
Native extension for WindowsStandalone target not found
Refreshing native plugins compatible for Editor in 0.63 ms, found 3 plugins.
Preloading 0 native plugins for Editor in 0.00 ms.
Mono: successfully reloaded assembly
- Completed reload, in  1.006 seconds
Domain Reload Profiling:
	ReloadAssembly (1006ms)
		BeginReloadAssembly (107ms)
			ExecutionOrderSort (0ms)
			DisableScriptedObjects (4ms)
			BackupInstance (0ms)
			ReleaseScriptingObjects (0ms)
			CreateAndSetChildDomain (31ms)
		EndReloadAssembly (850ms)
			LoadAssemblies (79ms)
			RebuildTransferFunctionScriptingTraits (0ms)
			SetupTypeCache (314ms)
			ReleaseScriptCaches (1ms)
			RebuildScriptCaches (40ms)
			SetupLoadedEditorAssemblies (331ms)
				LogAssemblyErrors (0ms)
				InitializePlatformSupportModulesInManaged (4ms)
				SetLoadedEditorAssemblies (0ms)
				RefreshPlugins (1ms)
				BeforeProcessingInitializeOnLoad (46ms)
				ProcessInitializeOnLoadAttributes (274ms)
				ProcessInitializeOnLoadMethodAttributes (4ms)
				AfterProcessingInitializeOnLoad (2ms)
				EditorAssembliesLoaded (0ms)
			ExecutionOrderSort2 (0ms)
			AwakeInstancesAfterBackupRestoration (7ms)
Platform modules already initialized, skipping
Refreshing native plugins compatible for Editor in 0.63 ms, found 3 plugins.
Preloading 0 native plugins for Editor in 0.00 ms.
Unloading 3112 Unused Serialized files (Serialized files now loaded: 0)
System memory in use before: 129.0 MB.
System memory in use after: 129.2 MB.

Unloading 19 unused Assets to reduce memory usage. Loaded Objects now: 3647.
Total: 3.552600 ms (FindLiveObjects: 0.289700 ms CreateObjectMapping: 0.128500 ms MarkObjects: 3.059200 ms  DeleteObjects: 0.073900 ms)

AssetImportParameters requested are different than current active one (requested -> active):
  custom:framework-win-MediaFoundation: 216162199b28c13a410421893ffa2e32 -> 
  custom:video-decoder-ogg-theora: a1e56fd34408186e4bbccfd4996cb3dc -> 
  custom:container-muxer-webm: aa71ff27fc2769a1b78a27578f13a17b -> 
  custom:container-demuxer-webm: 4f35f7cbe854078d1ac9338744f61a02 -> 
  custom:container-demuxer-ogg: 62fdf1f143b41e24485cea50d1cbac27 -> 
  custom:video-encoder-webm-vp8: eb34c28f22e8b96e1ab97ce403110664 -> 
  custom:video-decoder-webm-vp8: 9c59270c3fd7afecdb556c50c9e8de78 -> 
  custom:audio-decoder-ogg-vorbis: bf7c407c2cedff20999df2af8eb42d56 -> 
  custom:audio-encoder-webm-vorbis: bf7c407c2cedff20999df2af8eb42d56 -> 
========================================================================
Received Import Request.
  Time since last request: 305.909755 seconds.
  path: Assets/Prefabs/CameraSwitcher.prefab
  artifactKey: Guid(dfadc0b8c25d1c947b3f5e11f90522cc) Importer(815301076,1909f56bfc062723c751e8b465ee728b)
Start importing Assets/Prefabs/CameraSwitcher.prefab using Guid(dfadc0b8c25d1c947b3f5e11f90522cc) Importer(815301076,1909f56bfc062723c751e8b465ee728b)  -> (artifact id: '1dc29ad2b189b0947455e32a3076d706') in 0.115139 seconds 
========================================================================
Received Import Request.
  Time since last request: 0.000388 seconds.
  path: Assets/Prefabs/Player Car.prefab
  artifactKey: Guid(3c29213900b4e474f89333cf53e137b4) Importer(815301076,1909f56bfc062723c751e8b465ee728b)
Start importing Assets/Prefabs/Player Car.prefab using Guid(3c29213900b4e474f89333cf53e137b4) Importer(815301076,1909f56bfc062723c751e8b465ee728b)  -> (artifact id: '65aed59e7a376fc21cf2915279ea8fc3') in 0.100944 seconds 
========================================================================
Received Import Request.
  Time since last request: 6.230653 seconds.
  path: Assets/Prefabs/New Folder
  artifactKey: Guid(bb067bbc6f1a44f4b950b53234139c13) Importer(815301076,1909f56bfc062723c751e8b465ee728b)
Start importing Assets/Prefabs/New Folder using Guid(bb067bbc6f1a44f4b950b53234139c13) Importer(815301076,1909f56bfc062723c751e8b465ee728b)  -> (artifact id: 'ae7d49ae070be7ca6c078be362efa2a9') in 0.003803 seconds 
========================================================================
Received Import Request.
  Time since last request: 10.661877 seconds.
  path: Assets/Prefabs/Cars
  artifactKey: Guid(bb067bbc6f1a44f4b950b53234139c13) Importer(815301076,1909f56bfc062723c751e8b465ee728b)
Start importing Assets/Prefabs/Cars using Guid(bb067bbc6f1a44f4b950b53234139c13) Importer(815301076,1909f56bfc062723c751e8b465ee728b)  -> (artifact id: '30998f56ba4acaacdd4b7f2f56c96463') in 0.003231 seconds 
========================================================================
Received Import Request.
  Time since last request: 17.983722 seconds.
  path: Assets/Prefabs/Cars/Player Car Variant.prefab
  artifactKey: Guid(c908ec53fbc9a3e4da4514a717bc7239) Importer(815301076,1909f56bfc062723c751e8b465ee728b)
Start importing Assets/Prefabs/Cars/Player Car Variant.prefab using Guid(c908ec53fbc9a3e4da4514a717bc7239) Importer(815301076,1909f56bfc062723c751e8b465ee728b)  -> (artifact id: '81411a70bcfe70d7144a535cc2c388d0') in 0.054637 seconds 
========================================================================
Received Import Request.
  Time since last request: 289.212324 seconds.
  path: Assets/_Udemy Racer Assets/Audio
  artifactKey: Guid(749187245ae65f54fb90ae39214bcffe) Importer(815301076,1909f56bfc062723c751e8b465ee728b)
Start importing Assets/_Udemy Racer Assets/Audio using Guid(749187245ae65f54fb90ae39214bcffe) Importer(815301076,1909f56bfc062723c751e8b465ee728b)  -> (artifact id: '254f51a2ef8b014617288a7903829687') in 0.002483 seconds 
========================================================================
Received Import Request.
  Time since last request: 1.994615 seconds.
  path: Assets/_Udemy Racer Assets/Materials
  artifactKey: Guid(495e65aab3c08e84e8b7a7914b6127d0) Importer(815301076,1909f56bfc062723c751e8b465ee728b)
Start importing Assets/_Udemy Racer Assets/Materials using Guid(495e65aab3c08e84e8b7a7914b6127d0) Importer(815301076,1909f56bfc062723c751e8b465ee728b)  -> (artifact id: '2573ac36a73919e21d372c1808831f40') in 0.004687 seconds 
========================================================================
Received Import Request.
  Time since last request: 0.037034 seconds.
  path: Assets/_Udemy Racer Assets/Materials/cP.mat
  artifactKey: Guid(dd7e502d996e9a248acf623534ade2e6) Importer(815301076,1909f56bfc062723c751e8b465ee728b)
Start importing Assets/_Udemy Racer Assets/Materials/cP.mat using Guid(dd7e502d996e9a248acf623534ade2e6) Importer(815301076,1909f56bfc062723c751e8b465ee728b)  -> (artifact id: '564adc365fd76057f9ab0ea44b175e1f') in 0.062275 seconds 
========================================================================
Received Import Request.
  Time since last request: 0.000395 seconds.
  path: Assets/_Udemy Racer Assets/Materials/Desert Top.mat
  artifactKey: Guid(104a416fe1838b44f90c499251ee6e7d) Importer(815301076,1909f56bfc062723c751e8b465ee728b)
Start importing Assets/_Udemy Racer Assets/Materials/Desert Top.mat using Guid(104a416fe1838b44f90c499251ee6e7d) Importer(815301076,1909f56bfc062723c751e8b465ee728b)  -> (artifact id: '54a13fd6f48064b769338c5da7dd673d') in 0.011222 seconds 
========================================================================
Received Import Request.
  Time since last request: 0.000462 seconds.
  path: Assets/_Udemy Racer Assets/Materials/Desert.mat
  artifactKey: Guid(306f5c813dbd4fb489c5062dc0e04f42) Importer(815301076,1909f56bfc062723c751e8b465ee728b)
Start importing Assets/_Udemy Racer Assets/Materials/Desert.mat using Guid(306f5c813dbd4fb489c5062dc0e04f42) Importer(815301076,1909f56bfc062723c751e8b465ee728b)  -> (artifact id: '81b4cebdc05fa366c09be1e0470d62a6') in 0.010956 seconds 
========================================================================
Received Import Request.
  Time since last request: 0.000427 seconds.
  path: Assets/_Udemy Racer Assets/Materials/Snow.mat
  artifactKey: Guid(f505ed09dfd487b4f8c641584e6ba692) Importer(815301076,1909f56bfc062723c751e8b465ee728b)
Start importing Assets/_Udemy Racer Assets/Materials/Snow.mat using Guid(f505ed09dfd487b4f8c641584e6ba692) Importer(815301076,1909f56bfc062723c751e8b465ee728b)  -> (artifact id: 'b612a3b2946bb01a99e065e1c83d1011') in 0.009560 seconds 
========================================================================
Received Import Request.
  Time since last request: 0.000472 seconds.
  path: Assets/_Udemy Racer Assets/Materials/Grass.mat
  artifactKey: Guid(fcd32975ea408d44dbca9730a3d844d8) Importer(815301076,1909f56bfc062723c751e8b465ee728b)
Start importing Assets/_Udemy Racer Assets/Materials/Grass.mat using Guid(fcd32975ea408d44dbca9730a3d844d8) Importer(815301076,1909f56bfc062723c751e8b465ee728b)  -> (artifact id: '4e32423d6405f8f25235443cf460fc5e') in 0.010605 seconds 
========================================================================
Received Import Request.
  Time since last request: 246.934975 seconds.
  path: Assets/Prefabs/Cars/Race Future Variant.prefab
  artifactKey: Guid(76ec6c72afc76cb42b49b05833ac44e1) Importer(815301076,1909f56bfc062723c751e8b465ee728b)
Start importing Assets/Prefabs/Cars/Race Future Variant.prefab using Guid(76ec6c72afc76cb42b49b05833ac44e1) Importer(815301076,1909f56bfc062723c751e8b465ee728b)  -> (artifact id: '82b7c9900ffb8967a3037ec07058d104') in 0.055439 seconds 
========================================================================
Received Import Request.
  Time since last request: 20.807754 seconds.
  path: Assets/Prefabs/Cars/Race Variant.prefab
  artifactKey: Guid(c908ec53fbc9a3e4da4514a717bc7239) Importer(815301076,1909f56bfc062723c751e8b465ee728b)
Start importing Assets/Prefabs/Cars/Race Variant.prefab using Guid(c908ec53fbc9a3e4da4514a717bc7239) Importer(815301076,1909f56bfc062723c751e8b465ee728b)  -> (artifact id: '9a60fbc43980dd912b22bf76e3852609') in 0.047702 seconds 
========================================================================
Received Prepare
Registering precompiled user dll's ...
Registered in 0.003845 seconds.
Begin MonoManager ReloadAssembly
Symbol file LoadedFromMemory doesn't match image D:\Programs\Unity\Unity Project\Bai tap 1\Library\PackageCache\com.unity.visualscripting@1.6.1\Editor\VisualScripting.Core\Dependencies\YamlDotNet\Unity.VisualScripting.YamlDotNet.dll
Symbol file LoadedFromMemory doesn't match image D:\Programs\Unity\Unity Project\Bai tap 1\Library\PackageCache\com.unity.visualscripting@1.6.1\Editor\VisualScripting.Core\Dependencies\DotNetZip\Unity.VisualScripting.IonicZip.dll
Native extension for WindowsStandalone target not found
Refreshing native plugins compatible for Editor in 0.71 ms, found 3 plugins.
Preloading 0 native plugins for Editor in 0.00 ms.
Mono: successfully reloaded assembly
- Completed reload, in  1.159 seconds
Domain Reload Profiling:
	ReloadAssembly (1160ms)
		BeginReloadAssembly (127ms)
			ExecutionOrderSort (0ms)
			DisableScriptedObjects (5ms)
			BackupInstance (0ms)
			ReleaseScriptingObjects (0ms)
			CreateAndSetChildDomain (50ms)
		EndReloadAssembly (913ms)
			LoadAssemblies (126ms)
			RebuildTransferFunctionScriptingTraits (0ms)
			SetupTypeCache (327ms)
			ReleaseScriptCaches (1ms)
			RebuildScriptCaches (41ms)
			SetupLoadedEditorAssemblies (327ms)
				LogAssemblyErrors (0ms)
				InitializePlatformSupportModulesInManaged (4ms)
				SetLoadedEditorAssemblies (0ms)
				RefreshPlugins (1ms)
				BeforeProcessingInitializeOnLoad (47ms)
				ProcessInitializeOnLoadAttributes (267ms)
				ProcessInitializeOnLoadMethodAttributes (4ms)
				AfterProcessingInitializeOnLoad (2ms)
				EditorAssembliesLoaded (0ms)
			ExecutionOrderSort2 (0ms)
			AwakeInstancesAfterBackupRestoration (6ms)
Platform modules already initialized, skipping
Refreshing native plugins compatible for Editor in 1.05 ms, found 3 plugins.
Preloading 0 native plugins for Editor in 0.00 ms.
Unloading 3112 Unused Serialized files (Serialized files now loaded: 0)
System memory in use before: 133.0 MB.
System memory in use after: 133.2 MB.

Unloading 19 unused Assets to reduce memory usage. Loaded Objects now: 3691.
Total: 3.870800 ms (FindLiveObjects: 0.247100 ms CreateObjectMapping: 0.108100 ms MarkObjects: 3.431700 ms  DeleteObjects: 0.083000 ms)

AssetImportParameters requested are different than current active one (requested -> active):
  custom:framework-win-MediaFoundation: 216162199b28c13a410421893ffa2e32 -> 
  custom:video-decoder-ogg-theora: a1e56fd34408186e4bbccfd4996cb3dc -> 
  custom:container-muxer-webm: aa71ff27fc2769a1b78a27578f13a17b -> 
  custom:container-demuxer-webm: 4f35f7cbe854078d1ac9338744f61a02 -> 
  custom:container-demuxer-ogg: 62fdf1f143b41e24485cea50d1cbac27 -> 
  custom:video-encoder-webm-vp8: eb34c28f22e8b96e1ab97ce403110664 -> 
  custom:video-decoder-webm-vp8: 9c59270c3fd7afecdb556c50c9e8de78 -> 
  custom:audio-decoder-ogg-vorbis: bf7c407c2cedff20999df2af8eb42d56 -> 
  custom:audio-encoder-webm-vorbis: bf7c407c2cedff20999df2af8eb42d56 -> 
========================================================================
Received Import Request.
  Time since last request: 149.273917 seconds.
  path: Assets/_Udemy Racer Assets/Models/Kenney/Nature Kit/bed.fbx
  artifactKey: Guid(6b4f2f2a3c1c0b446b64cb89fd90826b) Importer(815301076,1909f56bfc062723c751e8b465ee728b)
Start importing Assets/_Udemy Racer Assets/Models/Kenney/Nature Kit/bed.fbx using Guid(6b4f2f2a3c1c0b446b64cb89fd90826b) Importer(815301076,1909f56bfc062723c751e8b465ee728b)  -> (artifact id: 'a4c7285409ae8f0942dab4a1fb11ea1f') in 0.155532 seconds 
========================================================================
Received Import Request.
  Time since last request: 0.000395 seconds.
  path: Assets/_Udemy Racer Assets/Models/Kenney/Nature Kit/bridge_side_stone.fbx
  artifactKey: Guid(69666452373983d41926c1fb25612271) Importer(815301076,1909f56bfc062723c751e8b465ee728b)
Start importing Assets/_Udemy Racer Assets/Models/Kenney/Nature Kit/bridge_side_stone.fbx using Guid(69666452373983d41926c1fb25612271) Importer(815301076,1909f56bfc062723c751e8b465ee728b)  -> (artifact id: '88ff9dc42874bc2504918a4726ca1838') in 0.040550 seconds 
========================================================================
Received Import Request.
  Time since last request: 0.000409 seconds.
  path: Assets/_Udemy Racer Assets/Models/Kenney/Nature Kit/bridge_center_woodRound.fbx
  artifactKey: Guid(a96368955bbedd946ad14a5522699d59) Importer(815301076,1909f56bfc062723c751e8b465ee728b)
Start importing Assets/_Udemy Racer Assets/Models/Kenney/Nature Kit/bridge_center_woodRound.fbx using Guid(a96368955bbedd946ad14a5522699d59) Importer(815301076,1909f56bfc062723c751e8b465ee728b)  -> (artifact id: 'bf225058189d2b0051fac2d4e0705845') in 0.032156 seconds 
========================================================================
Received Import Request.
  Time since last request: 0.000989 seconds.
  path: Assets/_Udemy Racer Assets/Models/Kenney/Nature Kit/bridge_stone.fbx
  artifactKey: Guid(03a710eaa2d8dbc418f6f97506ea83fe) Importer(815301076,1909f56bfc062723c751e8b465ee728b)
Start importing Assets/_Udemy Racer Assets/Models/Kenney/Nature Kit/bridge_stone.fbx using Guid(03a710eaa2d8dbc418f6f97506ea83fe) Importer(815301076,1909f56bfc062723c751e8b465ee728b)  -> (artifact id: 'f8a2f36b19a7770f8fb394487476d17c') in 0.022133 seconds 
========================================================================
Received Import Request.
  Time since last request: 0.001139 seconds.
  path: Assets/_Udemy Racer Assets/Models/Kenney/Nature Kit/bridge_stoneNarrow.fbx
  artifactKey: Guid(acf7d816e210e754497b24302fc756b0) Importer(815301076,1909f56bfc062723c751e8b465ee728b)
Start importing Assets/_Udemy Racer Assets/Models/Kenney/Nature Kit/bridge_stoneNarrow.fbx using Guid(acf7d816e210e754497b24302fc756b0) Importer(815301076,1909f56bfc062723c751e8b465ee728b)  -> (artifact id: '29a981a5fd024423097a35ee881ca09f') in 0.023989 seconds 
========================================================================
Received Import Request.
  Time since last request: 0.000627 seconds.
  path: Assets/_Udemy Racer Assets/Models/Kenney/Nature Kit/bridge_stoneRoundNarrow.fbx
  artifactKey: Guid(65694558f18f5604796d65bf9b0b06e4) Importer(815301076,1909f56bfc062723c751e8b465ee728b)
Start importing Assets/_Udemy Racer Assets/Models/Kenney/Nature Kit/bridge_stoneRoundNarrow.fbx using Guid(65694558f18f5604796d65bf9b0b06e4) Importer(815301076,1909f56bfc062723c751e8b465ee728b)  -> (artifact id: 'a0ed771cf208eeaabc516b99a7709797') in 0.025426 seconds 
========================================================================
Received Import Request.
  Time since last request: 0.000355 seconds.
  path: Assets/_Udemy Racer Assets/Models/Kenney/Nature Kit/bridge_woodNarrow.fbx
  artifactKey: Guid(dafb32b7c29ce274da572c7efd1dd9fa) Importer(815301076,1909f56bfc062723c751e8b465ee728b)
Start importing Assets/_Udemy Racer Assets/Models/Kenney/Nature Kit/bridge_woodNarrow.fbx using Guid(dafb32b7c29ce274da572c7efd1dd9fa) Importer(815301076,1909f56bfc062723c751e8b465ee728b)  -> (artifact id: 'b0e7b3886ac66c99407108b359c92e43') in 0.031922 seconds 
========================================================================
Received Import Request.
  Time since last request: 0.000485 seconds.
  path: Assets/_Udemy Racer Assets/Models/Kenney/Nature Kit/bridge_side_woodRound.fbx
  artifactKey: Guid(a21d985e4c3687b43a92c9ff269418ff) Importer(815301076,1909f56bfc062723c751e8b465ee728b)
Start importing Assets/_Udemy Racer Assets/Models/Kenney/Nature Kit/bridge_side_woodRound.fbx using Guid(a21d985e4c3687b43a92c9ff269418ff) Importer(815301076,1909f56bfc062723c751e8b465ee728b)  -> (artifact id: 'ee0f660f24abb5115fe23a76eaace84f') in 0.043980 seconds 
========================================================================
Received Import Request.
  Time since last request: 0.000275 seconds.
  path: Assets/_Udemy Racer Assets/Models/Kenney/Nature Kit/bridge_center_stoneRound.fbx
  artifactKey: Guid(0b9eec5bc794e8047b4bf4a49996696a) Importer(815301076,1909f56bfc062723c751e8b465ee728b)
Start importing Assets/_Udemy Racer Assets/Models/Kenney/Nature Kit/bridge_center_stoneRound.fbx using Guid(0b9eec5bc794e8047b4bf4a49996696a) Importer(815301076,1909f56bfc062723c751e8b465ee728b)  -> (artifact id: 'e31c04fb913879419c54f33b97ee1e70') in 0.023853 seconds 
========================================================================
Received Import Request.
  Time since last request: 0.000381 seconds.
  path: Assets/_Udemy Racer Assets/Models/Kenney/Nature Kit/bridge_side_wood.fbx
  artifactKey: Guid(9e5afa67f270b6d4287da09993803151) Importer(815301076,1909f56bfc062723c751e8b465ee728b)
Start importing Assets/_Udemy Racer Assets/Models/Kenney/Nature Kit/bridge_side_wood.fbx using Guid(9e5afa67f270b6d4287da09993803151) Importer(815301076,1909f56bfc062723c751e8b465ee728b)  -> (artifact id: '71ffb849e8847deed4fa4ff4003886e5') in 0.029641 seconds 
========================================================================
Received Import Request.
  Time since last request: 0.000352 seconds.
  path: Assets/_Udemy Racer Assets/Models/Kenney/Nature Kit/bridge_center_wood.fbx
  artifactKey: Guid(375d43af6afe6c6428134f145514ca39) Importer(815301076,1909f56bfc062723c751e8b465ee728b)
Start importing Assets/_Udemy Racer Assets/Models/Kenney/Nature Kit/bridge_center_wood.fbx using Guid(375d43af6afe6c6428134f145514ca39) Importer(815301076,1909f56bfc062723c751e8b465ee728b)  -> (artifact id: 'cba380b5c978a0bb972df31efa8e86a7') in 0.025977 seconds 
========================================================================
Received Import Request.
  Time since last request: 0.000368 seconds.
  path: Assets/_Udemy Racer Assets/Models/Kenney/Nature Kit/bridge_side_stoneRound.fbx
  artifactKey: Guid(7dc95d2d14d69284bb9940fa51ccc181) Importer(815301076,1909f56bfc062723c751e8b465ee728b)
Start importing Assets/_Udemy Racer Assets/Models/Kenney/Nature Kit/bridge_side_stoneRound.fbx using Guid(7dc95d2d14d69284bb9940fa51ccc181) Importer(815301076,1909f56bfc062723c751e8b465ee728b)  -> (artifact id: '33c1a8e711bafdfba5b1847df123a18d') in 0.021795 seconds 
========================================================================
Received Import Request.
  Time since last request: 0.000465 seconds.
  path: Assets/_Udemy Racer Assets/Models/Kenney/Nature Kit/bridge_wood.fbx
  artifactKey: Guid(aa2f78f06fe9e2148858d95df52f4f4b) Importer(815301076,1909f56bfc062723c751e8b465ee728b)
Start importing Assets/_Udemy Racer Assets/Models/Kenney/Nature Kit/bridge_wood.fbx using Guid(aa2f78f06fe9e2148858d95df52f4f4b) Importer(815301076,1909f56bfc062723c751e8b465ee728b)  -> (artifact id: '4ef95f7a9d4d84687b5de007fdfcc0cb') in 0.027957 seconds 
========================================================================
Received Import Request.
  Time since last request: 0.000376 seconds.
  path: Assets/_Udemy Racer Assets/Models/Kenney/Nature Kit/bridge_stoneRound.fbx
  artifactKey: Guid(ac895446e02c05d47a540504d93d067e) Importer(815301076,1909f56bfc062723c751e8b465ee728b)
Start importing Assets/_Udemy Racer Assets/Models/Kenney/Nature Kit/bridge_stoneRound.fbx using Guid(ac895446e02c05d47a540504d93d067e) Importer(815301076,1909f56bfc062723c751e8b465ee728b)  -> (artifact id: '75ed7c52cfd824f6c9819eb3169b005f') in 0.021900 seconds 
========================================================================
Received Import Request.
  Time since last request: 0.000391 seconds.
  path: Assets/_Udemy Racer Assets/Models/Kenney/Nature Kit/bridge_center_stone.fbx
  artifactKey: Guid(f049760dddf69314db76afcc24a78abb) Importer(815301076,1909f56bfc062723c751e8b465ee728b)
Start importing Assets/_Udemy Racer Assets/Models/Kenney/Nature Kit/bridge_center_stone.fbx using Guid(f049760dddf69314db76afcc24a78abb) Importer(815301076,1909f56bfc062723c751e8b465ee728b)  -> (artifact id: '4df74fdf22b32a971778e405acf1205b') in 0.025096 seconds 
========================================================================
Received Import Request.
  Time since last request: 0.000430 seconds.
  path: Assets/_Udemy Racer Assets/Models/Kenney/Nature Kit/bed_floor.fbx
  artifactKey: Guid(d6b707e7a3344174183102782fb0993e) Importer(815301076,1909f56bfc062723c751e8b465ee728b)
Start importing Assets/_Udemy Racer Assets/Models/Kenney/Nature Kit/bed_floor.fbx using Guid(d6b707e7a3344174183102782fb0993e) Importer(815301076,1909f56bfc062723c751e8b465ee728b)  -> (artifact id: 'd2a28e5f759f7ff8963cc9f113d62d5f') in 0.025876 seconds 
========================================================================
Received Import Request.
  Time since last request: 0.000373 seconds.
  path: Assets/_Udemy Racer Assets/Models/Kenney/Nature Kit/bridge_woodRound.fbx
  artifactKey: Guid(92d28b00c9340e24f9fa2ca54e55e027) Importer(815301076,1909f56bfc062723c751e8b465ee728b)
Start importing Assets/_Udemy Racer Assets/Models/Kenney/Nature Kit/bridge_woodRound.fbx using Guid(92d28b00c9340e24f9fa2ca54e55e027) Importer(815301076,1909f56bfc062723c751e8b465ee728b)  -> (artifact id: '935522e66db9a9a53d464c8b116bbe32') in 0.033428 seconds 
========================================================================
Received Import Request.
  Time since last request: 73.880794 seconds.
  path: Assets/Prefabs/Cars/Sedan Sports Variant.prefab
  artifactKey: Guid(837dc5681989aad41a3ed4f5b3dbd468) Importer(815301076,1909f56bfc062723c751e8b465ee728b)
Start importing Assets/Prefabs/Cars/Sedan Sports Variant.prefab using Guid(837dc5681989aad41a3ed4f5b3dbd468) Importer(815301076,1909f56bfc062723c751e8b465ee728b)  -> (artifact id: 'bb7d2be64e21713cadf6ae52536a9841') in 0.021928 seconds 
========================================================================
Received Import Request.
  Time since last request: 71.195296 seconds.
  path: Assets/Prefabs/Cars/Hatchback Sports Variant.prefab
  artifactKey: Guid(45d051e83ed4df74caa0b81b22161948) Importer(815301076,1909f56bfc062723c751e8b465ee728b)
Start importing Assets/Prefabs/Cars/Hatchback Sports Variant.prefab using Guid(45d051e83ed4df74caa0b81b22161948) Importer(815301076,1909f56bfc062723c751e8b465ee728b)  -> (artifact id: 'f653cc89e152041165ec75ee30030bf2') in 0.018490 seconds 
========================================================================
Received Import Request.
  Time since last request: 57.359358 seconds.
  path: Assets/Prefabs/Cars/Police Variant.prefab
  artifactKey: Guid(5e7ebb74e3b969b40941bd882a3f42a0) Importer(815301076,1909f56bfc062723c751e8b465ee728b)
Start importing Assets/Prefabs/Cars/Police Variant.prefab using Guid(5e7ebb74e3b969b40941bd882a3f42a0) Importer(815301076,1909f56bfc062723c751e8b465ee728b)  -> (artifact id: 'd0e7eb21614a630dedc5a674ac01d0b5') in 0.018468 seconds 
========================================================================
Received Import Request.
  Time since last request: 24.680083 seconds.
  path: Assets/_Udemy Racer Assets/Models/Kenney/Car Kit/wheelDefault.fbx
  artifactKey: Guid(d8ea57619cc3cca40a94b1a08b38c888) Importer(815301076,1909f56bfc062723c751e8b465ee728b)
Start importing Assets/_Udemy Racer Assets/Models/Kenney/Car Kit/wheelDefault.fbx using Guid(d8ea57619cc3cca40a94b1a08b38c888) Importer(815301076,1909f56bfc062723c751e8b465ee728b)  -> (artifact id: 'ce0738c306a7e847cf988d7b24d02fab') in 0.032130 seconds 
========================================================================
Received Import Request.
  Time since last request: 0.000365 seconds.
  path: Assets/_Udemy Racer Assets/Models/Kenney/Car Kit/wheelTractorBack.fbx
  artifactKey: Guid(f2c6115bb4b34b249bc69ee01bfec36d) Importer(815301076,1909f56bfc062723c751e8b465ee728b)
Start importing Assets/_Udemy Racer Assets/Models/Kenney/Car Kit/wheelTractorBack.fbx using Guid(f2c6115bb4b34b249bc69ee01bfec36d) Importer(815301076,1909f56bfc062723c751e8b465ee728b)  -> (artifact id: '53a48b888de2d40efe748063f5715ca1') in 0.041972 seconds 
========================================================================
Received Import Request.
  Time since last request: 0.000416 seconds.
  path: Assets/_Udemy Racer Assets/Models/Kenney/Car Kit/wheelTractorDarkBack.fbx
  artifactKey: Guid(404464f01cc49da4e80ae829f4aea9bb) Importer(815301076,1909f56bfc062723c751e8b465ee728b)
Start importing Assets/_Udemy Racer Assets/Models/Kenney/Car Kit/wheelTractorDarkBack.fbx using Guid(404464f01cc49da4e80ae829f4aea9bb) Importer(815301076,1909f56bfc062723c751e8b465ee728b)  -> (artifact id: '2f3eb5b44764f077498e2b2ed51a50ea') in 0.030784 seconds 
========================================================================
Received Import Request.
  Time since last request: 0.000363 seconds.
  path: Assets/_Udemy Racer Assets/Models/Kenney/Car Kit/wheelRacing.fbx
  artifactKey: Guid(7060ef834c11eeb41bb0fdf9f6e8d3a3) Importer(815301076,1909f56bfc062723c751e8b465ee728b)
Start importing Assets/_Udemy Racer Assets/Models/Kenney/Car Kit/wheelRacing.fbx using Guid(7060ef834c11eeb41bb0fdf9f6e8d3a3) Importer(815301076,1909f56bfc062723c751e8b465ee728b)  -> (artifact id: 'b868ed3b9c4c2b640caa6160007a6ed1') in 0.028747 seconds 
========================================================================
Received Import Request.
  Time since last request: 43.823197 seconds.
  path: Assets/Prefabs/Cars/SUV Variant.prefab
  artifactKey: Guid(39cb9a61c07426e4f93bbcc66151f4dd) Importer(815301076,1909f56bfc062723c751e8b465ee728b)
Start importing Assets/Prefabs/Cars/SUV Variant.prefab using Guid(39cb9a61c07426e4f93bbcc66151f4dd) Importer(815301076,1909f56bfc062723c751e8b465ee728b)  -> (artifact id: '3ae7d778138a1ff9c5c4c75567f1fcde') in 0.019011 seconds 
========================================================================
Received Import Request.
  Time since last request: 27.851820 seconds.
  path: Assets/_Udemy Racer Assets/Models/Kenney/Car Kit/wheelTractorDarkFront.fbx
  artifactKey: Guid(3c49bafa570ef5a4eb88d8142410949f) Importer(815301076,1909f56bfc062723c751e8b465ee728b)
Start importing Assets/_Udemy Racer Assets/Models/Kenney/Car Kit/wheelTractorDarkFront.fbx using Guid(3c49bafa570ef5a4eb88d8142410949f) Importer(815301076,1909f56bfc062723c751e8b465ee728b)  -> (artifact id: 'b4938f68dbdf5ab287736eaf50f85487') in 0.034499 seconds 
========================================================================
Received Import Request.
  Time since last request: 0.000337 seconds.
  path: Assets/_Udemy Racer Assets/Models/Kenney/Car Kit/wheelTruck.fbx
  artifactKey: Guid(aed7b9224a0ed9e4f9a458d259f577b2) Importer(815301076,1909f56bfc062723c751e8b465ee728b)
Start importing Assets/_Udemy Racer Assets/Models/Kenney/Car Kit/wheelTruck.fbx using Guid(aed7b9224a0ed9e4f9a458d259f577b2) Importer(815301076,1909f56bfc062723c751e8b465ee728b)  -> (artifact id: '7e04a0d165ffc01e9efacd0f0ce421a1') in 0.052235 seconds 
========================================================================
Received Import Request.
  Time since last request: 0.000376 seconds.
  path: Assets/_Udemy Racer Assets/Models/Kenney/Car Kit/wheelTractorFront.fbx
  artifactKey: Guid(edbeb17db4406a7438126ceb303334b6) Importer(815301076,1909f56bfc062723c751e8b465ee728b)
Start importing Assets/_Udemy Racer Assets/Models/Kenney/Car Kit/wheelTractorFront.fbx using Guid(edbeb17db4406a7438126ceb303334b6) Importer(815301076,1909f56bfc062723c751e8b465ee728b)  -> (artifact id: 'dbec399c586ed5709a6f3db731007d02') in 0.029732 seconds 
========================================================================
Received Import Request.
  Time since last request: 38.233332 seconds.
  path: Assets/Prefabs/Cars/Taxi Variant.prefab
  artifactKey: Guid(5993072328365794fb111a58cb12ec20) Importer(815301076,1909f56bfc062723c751e8b465ee728b)
Start importing Assets/Prefabs/Cars/Taxi Variant.prefab using Guid(5993072328365794fb111a58cb12ec20) Importer(815301076,1909f56bfc062723c751e8b465ee728b)  -> (artifact id: 'b1afe319cddc682937225556b82741ac') in 0.017220 seconds 
========================================================================
Received Import Request.
  Time since last request: 75.560973 seconds.
  path: Assets/Prefabs/Cars/Truck  Variant.prefab
  artifactKey: Guid(bd7b051673999c34cbdbe72020b80bbe) Importer(815301076,1909f56bfc062723c751e8b465ee728b)
Start importing Assets/Prefabs/Cars/Truck  Variant.prefab using Guid(bd7b051673999c34cbdbe72020b80bbe) Importer(815301076,1909f56bfc062723c751e8b465ee728b)  -> (artifact id: '1f77c2f468d10a7463f5346871cbbfc8') in 0.016388 seconds 
========================================================================
Received Import Request.
  Time since last request: 89.579106 seconds.
  path: Assets/Prefabs/Cars/Van  Variant.prefab
  artifactKey: Guid(d95e251a6d5ac28439730d17c722fc35) Importer(815301076,1909f56bfc062723c751e8b465ee728b)
Start importing Assets/Prefabs/Cars/Van  Variant.prefab using Guid(d95e251a6d5ac28439730d17c722fc35) Importer(815301076,1909f56bfc062723c751e8b465ee728b)  -> (artifact id: 'f5f630bb47e0b6737def602bdcaf2dfb') in 0.018147 seconds 
========================================================================
Received Import Request.
  Time since last request: 64.547891 seconds.
  path: Assets/Prefabs/Cars/Tractor Variant.prefab
  artifactKey: Guid(58949ffc62d63d445b7d29ba1e336871) Importer(815301076,1909f56bfc062723c751e8b465ee728b)
Start importing Assets/Prefabs/Cars/Tractor Variant.prefab using Guid(58949ffc62d63d445b7d29ba1e336871) Importer(815301076,1909f56bfc062723c751e8b465ee728b)  -> (artifact id: '2f5801d42bd2ee6a11b03975ff670ff2') in 0.019089 seconds 
========================================================================
Received Prepare
Registering precompiled user dll's ...
Registered in 0.005075 seconds.
Begin MonoManager ReloadAssembly
Symbol file LoadedFromMemory doesn't match image D:\Programs\Unity\Unity Project\Bai tap 1\Library\PackageCache\com.unity.visualscripting@1.6.1\Editor\VisualScripting.Core\Dependencies\YamlDotNet\Unity.VisualScripting.YamlDotNet.dll
Symbol file LoadedFromMemory doesn't match image D:\Programs\Unity\Unity Project\Bai tap 1\Library\PackageCache\com.unity.visualscripting@1.6.1\Editor\VisualScripting.Core\Dependencies\DotNetZip\Unity.VisualScripting.IonicZip.dll
Native extension for WindowsStandalone target not found
Refreshing native plugins compatible for Editor in 0.67 ms, found 3 plugins.
Preloading 0 native plugins for Editor in 0.00 ms.
Mono: successfully reloaded assembly
- Completed reload, in  1.106 seconds
Domain Reload Profiling:
	ReloadAssembly (1107ms)
		BeginReloadAssembly (133ms)
			ExecutionOrderSort (0ms)
			DisableScriptedObjects (4ms)
			BackupInstance (0ms)
			ReleaseScriptingObjects (0ms)
			CreateAndSetChildDomain (38ms)
		EndReloadAssembly (922ms)
			LoadAssemblies (99ms)
			RebuildTransferFunctionScriptingTraits (0ms)
			SetupTypeCache (362ms)
			ReleaseScriptCaches (1ms)
			RebuildScriptCaches (42ms)
			SetupLoadedEditorAssemblies (344ms)
				LogAssemblyErrors (0ms)
				InitializePlatformSupportModulesInManaged (4ms)
				SetLoadedEditorAssemblies (0ms)
				RefreshPlugins (1ms)
				BeforeProcessingInitializeOnLoad (42ms)
				ProcessInitializeOnLoadAttributes (291ms)
				ProcessInitializeOnLoadMethodAttributes (4ms)
				AfterProcessingInitializeOnLoad (2ms)
				EditorAssembliesLoaded (0ms)
			ExecutionOrderSort2 (0ms)
			AwakeInstancesAfterBackupRestoration (6ms)
Platform modules already initialized, skipping
Refreshing native plugins compatible for Editor in 0.87 ms, found 3 plugins.
Preloading 0 native plugins for Editor in 0.00 ms.
Unloading 3112 Unused Serialized files (Serialized files now loaded: 0)
System memory in use before: 133.8 MB.
System memory in use after: 134.0 MB.

Unloading 19 unused Assets to reduce memory usage. Loaded Objects now: 3698.
Total: 3.481500 ms (FindLiveObjects: 0.260300 ms CreateObjectMapping: 0.116800 ms MarkObjects: 3.025700 ms  DeleteObjects: 0.077900 ms)

AssetImportParameters requested are different than current active one (requested -> active):
  custom:framework-win-MediaFoundation: 216162199b28c13a410421893ffa2e32 -> 
  custom:video-decoder-ogg-theora: a1e56fd34408186e4bbccfd4996cb3dc -> 
  custom:container-muxer-webm: aa71ff27fc2769a1b78a27578f13a17b -> 
  custom:container-demuxer-webm: 4f35f7cbe854078d1ac9338744f61a02 -> 
  custom:container-demuxer-ogg: 62fdf1f143b41e24485cea50d1cbac27 -> 
  custom:video-encoder-webm-vp8: eb34c28f22e8b96e1ab97ce403110664 -> 
  custom:video-decoder-webm-vp8: 9c59270c3fd7afecdb556c50c9e8de78 -> 
  custom:audio-decoder-ogg-vorbis: bf7c407c2cedff20999df2af8eb42d56 -> 
  custom:audio-encoder-webm-vorbis: bf7c407c2cedff20999df2af8eb42d56 -> 
========================================================================
Received Prepare
Registering precompiled user dll's ...
Registered in 0.003618 seconds.
Begin MonoManager ReloadAssembly
Symbol file LoadedFromMemory doesn't match image D:\Programs\Unity\Unity Project\Bai tap 1\Library\PackageCache\com.unity.visualscripting@1.6.1\Editor\VisualScripting.Core\Dependencies\YamlDotNet\Unity.VisualScripting.YamlDotNet.dll
Symbol file LoadedFromMemory doesn't match image D:\Programs\Unity\Unity Project\Bai tap 1\Library\PackageCache\com.unity.visualscripting@1.6.1\Editor\VisualScripting.Core\Dependencies\DotNetZip\Unity.VisualScripting.IonicZip.dll
Native extension for WindowsStandalone target not found
Refreshing native plugins compatible for Editor in 0.66 ms, found 3 plugins.
Preloading 0 native plugins for Editor in 0.00 ms.
Mono: successfully reloaded assembly
- Completed reload, in  1.122 seconds
Domain Reload Profiling:
	ReloadAssembly (1122ms)
		BeginReloadAssembly (189ms)
			ExecutionOrderSort (0ms)
			DisableScriptedObjects (4ms)
			BackupInstance (0ms)
			ReleaseScriptingObjects (0ms)
			CreateAndSetChildDomain (57ms)
		EndReloadAssembly (879ms)
			LoadAssemblies (147ms)
			RebuildTransferFunctionScriptingTraits (0ms)
			SetupTypeCache (308ms)
			ReleaseScriptCaches (1ms)
			RebuildScriptCaches (43ms)
			SetupLoadedEditorAssemblies (351ms)
				LogAssemblyErrors (0ms)
				InitializePlatformSupportModulesInManaged (4ms)
				SetLoadedEditorAssemblies (0ms)
				RefreshPlugins (1ms)
				BeforeProcessingInitializeOnLoad (45ms)
				ProcessInitializeOnLoadAttributes (294ms)
				ProcessInitializeOnLoadMethodAttributes (4ms)
				AfterProcessingInitializeOnLoad (2ms)
				EditorAssembliesLoaded (0ms)
			ExecutionOrderSort2 (0ms)
			AwakeInstancesAfterBackupRestoration (7ms)
Platform modules already initialized, skipping
Refreshing native plugins compatible for Editor in 0.92 ms, found 3 plugins.
Preloading 0 native plugins for Editor in 0.00 ms.
Unloading 3112 Unused Serialized files (Serialized files now loaded: 0)
System memory in use before: 133.8 MB.
System memory in use after: 134.0 MB.

Unloading 19 unused Assets to reduce memory usage. Loaded Objects now: 3701.
Total: 8.076000 ms (FindLiveObjects: 1.062400 ms CreateObjectMapping: 0.165400 ms MarkObjects: 6.725200 ms  DeleteObjects: 0.115300 ms)

AssetImportParameters requested are different than current active one (requested -> active):
  custom:framework-win-MediaFoundation: 216162199b28c13a410421893ffa2e32 -> 
  custom:video-decoder-ogg-theora: a1e56fd34408186e4bbccfd4996cb3dc -> 
  custom:container-muxer-webm: aa71ff27fc2769a1b78a27578f13a17b -> 
  custom:container-demuxer-webm: 4f35f7cbe854078d1ac9338744f61a02 -> 
  custom:container-demuxer-ogg: 62fdf1f143b41e24485cea50d1cbac27 -> 
  custom:video-encoder-webm-vp8: eb34c28f22e8b96e1ab97ce403110664 -> 
  custom:video-decoder-webm-vp8: 9c59270c3fd7afecdb556c50c9e8de78 -> 
  custom:audio-decoder-ogg-vorbis: bf7c407c2cedff20999df2af8eb42d56 -> 
  custom:audio-encoder-webm-vorbis: bf7c407c2cedff20999df2af8eb42d56 -> 
